[0.037s] Invoking command in '/home/raoul/Documents/QEES/lab1/build/intraprocess_eval': /usr/bin/cmake --build /home/raoul/Documents/QEES/lab1/build/intraprocess_eval -- -j8 -l8
[0.080s] -- Found ament_cmake: 0.7.6 (/opt/ros/dashing/share/ament_cmake/cmake)
[0.120s] -- Using PYTHON_EXECUTABLE: /usr/bin/python3
[0.263s] Traceback (most recent call last):
[0.264s]   File "/opt/ros/dashing/share/ament_cmake_core/cmake/package_templates/templates_2_cmake.py", line 21, in <module>
[0.264s]     from ament_package.templates import get_environment_hook_template_path
[0.264s] ModuleNotFoundError: No module named 'ament_package'
[0.284s] CMake Error at /opt/ros/dashing/share/ament_cmake_core/cmake/ament_cmake_package_templates-extras.cmake:41 (message):
[0.284s]   execute_process(/usr/bin/python3
[0.285s]   /opt/ros/dashing/share/ament_cmake_core/cmake/package_templates/templates_2_cmake.py
[0.286s]   /home/raoul/Documents/QEES/lab1/build/intraprocess_eval/ament_cmake_package_templates/templates.cmake)
[0.286s]   returned error code 1
[0.287s] Call Stack (most recent call first):
[0.287s]   /opt/ros/dashing/share/ament_cmake_core/cmake/ament_cmake_coreConfig.cmake:38 (include)
[0.289s]   /opt/ros/dashing/share/ament_cmake/cmake/ament_cmake_export_dependencies-extras.cmake:15 (find_package)
[0.289s]   /opt/ros/dashing/share/ament_cmake/cmake/ament_cmakeConfig.cmake:38 (include)
[0.290s]   CMakeLists.txt:9 (find_package)
[0.290s] 
[0.291s] 
[0.291s] -- Configuring incomplete, errors occurred!
[0.292s] See also "/home/raoul/Documents/QEES/lab1/build/intraprocess_eval/CMakeFiles/CMakeOutput.log".
[0.293s] See also "/home/raoul/Documents/QEES/lab1/build/intraprocess_eval/CMakeFiles/CMakeError.log".
[0.303s] Makefile:303: recipe for target 'cmake_check_build_system' failed
[0.303s] make: *** [cmake_check_build_system] Error 1
[0.311s] Invoked command in '/home/raoul/Documents/QEES/lab1/build/intraprocess_eval' returned '2': /usr/bin/cmake --build /home/raoul/Documents/QEES/lab1/build/intraprocess_eval -- -j8 -l8
