[0.045s] Invoking command in '/home/raoul/Documents/QEES/lab1/build/artificial_load': /usr/bin/cmake --build /home/raoul/Documents/QEES/lab1/build/artificial_load -- -j8 -l8
[0.091s] -- Found ament_cmake: 0.7.6 (/opt/ros/dashing/share/ament_cmake/cmake)
[0.130s] -- Using PYTHON_EXECUTABLE: /usr/bin/python3
[0.268s] Traceback (most recent call last):
[0.268s]   File "/opt/ros/dashing/share/ament_cmake_core/cmake/package_templates/templates_2_cmake.py", line 21, in <module>
[0.269s]     from ament_package.templates import get_environment_hook_template_path
[0.269s] ModuleNotFoundError: No module named 'ament_package'
[0.288s] CMake Error at /opt/ros/dashing/share/ament_cmake_core/cmake/ament_cmake_package_templates-extras.cmake:41 (message):
[0.288s]   execute_process(/usr/bin/python3
[0.288s]   /opt/ros/dashing/share/ament_cmake_core/cmake/package_templates/templates_2_cmake.py
[0.288s]   /home/raoul/Documents/QEES/lab1/build/artificial_load/ament_cmake_package_templates/templates.cmake)
[0.288s]   returned error code 1
[0.289s] Call Stack (most recent call first):
[0.289s]   /opt/ros/dashing/share/ament_cmake_core/cmake/ament_cmake_coreConfig.cmake:38 (include)
[0.289s]   /opt/ros/dashing/share/ament_cmake/cmake/ament_cmake_export_dependencies-extras.cmake:15 (find_package)
[0.289s]   /opt/ros/dashing/share/ament_cmake/cmake/ament_cmakeConfig.cmake:38 (include)
[0.289s]   CMakeLists.txt:13 (find_package)
[0.289s] 
[0.289s] 
[0.290s] -- Configuring incomplete, errors occurred!
[0.290s] See also "/home/raoul/Documents/QEES/lab1/build/artificial_load/CMakeFiles/CMakeOutput.log".
[0.290s] See also "/home/raoul/Documents/QEES/lab1/build/artificial_load/CMakeFiles/CMakeError.log".
[0.292s] Makefile:252: recipe for target 'cmake_check_build_system' failed
[0.292s] make: *** [cmake_check_build_system] Error 1
[0.297s] Invoked command in '/home/raoul/Documents/QEES/lab1/build/artificial_load' returned '2': /usr/bin/cmake --build /home/raoul/Documents/QEES/lab1/build/artificial_load -- -j8 -l8
