[0.188s] Invoking command in '/home/raoul/Documents/QEES/lab1/build/artificial_load': /usr/bin/cmake --build /home/raoul/Documents/QEES/lab1/build/artificial_load -- -j8 -l8
[0.783s] -- Found ament_cmake: 0.7.6 (/opt/ros/dashing/share/ament_cmake/cmake)
[0.880s] -- Using PYTHON_EXECUTABLE: /usr/bin/python3
[1.028s] Traceback (most recent call last):
[1.028s]   File "/opt/ros/dashing/share/ament_cmake_core/cmake/package_templates/templates_2_cmake.py", line 21, in <module>
[1.028s]     from ament_package.templates import get_environment_hook_template_path
[1.029s] ModuleNotFoundError: No module named 'ament_package'
[1.049s] CMake Error at /opt/ros/dashing/share/ament_cmake_core/cmake/ament_cmake_package_templates-extras.cmake:41 (message):
[1.049s]   execute_process(/usr/bin/python3
[1.049s]   /opt/ros/dashing/share/ament_cmake_core/cmake/package_templates/templates_2_cmake.py
[1.049s]   /home/raoul/Documents/QEES/lab1/build/artificial_load/ament_cmake_package_templates/templates.cmake)
[1.049s]   returned error code 1
[1.049s] Call Stack (most recent call first):
[1.049s]   /opt/ros/dashing/share/ament_cmake_core/cmake/ament_cmake_coreConfig.cmake:38 (include)
[1.049s]   /opt/ros/dashing/share/ament_cmake/cmake/ament_cmake_export_dependencies-extras.cmake:15 (find_package)
[1.050s]   /opt/ros/dashing/share/ament_cmake/cmake/ament_cmakeConfig.cmake:38 (include)
[1.050s]   CMakeLists.txt:13 (find_package)
[1.050s] 
[1.050s] 
[1.051s] -- Configuring incomplete, errors occurred!
[1.051s] See also "/home/raoul/Documents/QEES/lab1/build/artificial_load/CMakeFiles/CMakeOutput.log".
[1.051s] See also "/home/raoul/Documents/QEES/lab1/build/artificial_load/CMakeFiles/CMakeError.log".
[1.108s] Makefile:252: recipe for target 'cmake_check_build_system' failed
[1.109s] make: *** [cmake_check_build_system] Error 1
[1.122s] Invoked command in '/home/raoul/Documents/QEES/lab1/build/artificial_load' returned '2': /usr/bin/cmake --build /home/raoul/Documents/QEES/lab1/build/artificial_load -- -j8 -l8
