[0.038s] Invoking command in '/home/raoul/Documents/QEES/lab1/build/interprocess_eval': /usr/bin/cmake --build /home/raoul/Documents/QEES/lab1/build/interprocess_eval -- -j8 -l8
[0.075s] -- Found ament_cmake: 0.7.6 (/opt/ros/dashing/share/ament_cmake/cmake)
[0.118s] -- Using PYTHON_EXECUTABLE: /usr/bin/python3
[0.252s] Traceback (most recent call last):
[0.253s]   File "/opt/ros/dashing/share/ament_cmake_core/cmake/package_templates/templates_2_cmake.py", line 21, in <module>
[0.253s]     from ament_package.templates import get_environment_hook_template_path
[0.253s] ModuleNotFoundError: No module named 'ament_package'
[0.270s] CMake Error at /opt/ros/dashing/share/ament_cmake_core/cmake/ament_cmake_package_templates-extras.cmake:41 (message):
[0.270s]   execute_process(/usr/bin/python3
[0.270s]   /opt/ros/dashing/share/ament_cmake_core/cmake/package_templates/templates_2_cmake.py
[0.271s]   /home/raoul/Documents/QEES/lab1/build/interprocess_eval/ament_cmake_package_templates/templates.cmake)
[0.271s]   returned error code 1
[0.271s] Call Stack (most recent call first):
[0.272s]   /opt/ros/dashing/share/ament_cmake_core/cmake/ament_cmake_coreConfig.cmake:38 (include)
[0.272s]   /opt/ros/dashing/share/ament_cmake/cmake/ament_cmake_export_dependencies-extras.cmake:15 (find_package)
[0.272s]   /opt/ros/dashing/share/ament_cmake/cmake/ament_cmakeConfig.cmake:38 (include)
[0.272s]   CMakeLists.txt:9 (find_package)
[0.272s] 
[0.272s] 
[0.273s] -- Configuring incomplete, errors occurred!
[0.273s] See also "/home/raoul/Documents/QEES/lab1/build/interprocess_eval/CMakeFiles/CMakeOutput.log".
[0.273s] See also "/home/raoul/Documents/QEES/lab1/build/interprocess_eval/CMakeFiles/CMakeError.log".
[0.276s] Makefile:588: recipe for target 'cmake_check_build_system' failed
[0.276s] make: *** [cmake_check_build_system] Error 1
[0.278s] Invoked command in '/home/raoul/Documents/QEES/lab1/build/interprocess_eval' returned '2': /usr/bin/cmake --build /home/raoul/Documents/QEES/lab1/build/interprocess_eval -- -j8 -l8
