[0.033s] Invoking command in '/home/raoul/Documents/QEES/lab1/build/interprocess_remote_eval': /usr/bin/cmake --build /home/raoul/Documents/QEES/lab1/build/interprocess_remote_eval -- -j8 -l8
[0.078s] -- Found ament_cmake: 0.7.6 (/opt/ros/dashing/share/ament_cmake/cmake)
[0.125s] -- Using PYTHON_EXECUTABLE: /usr/bin/python3
[0.275s] Traceback (most recent call last):
[0.277s]   File "/opt/ros/dashing/share/ament_cmake_core/cmake/package_templates/templates_2_cmake.py", line 21, in <module>
[0.277s]     from ament_package.templates import get_environment_hook_template_path
[0.278s] ModuleNotFoundError: No module named 'ament_package'
[0.300s] CMake Error at /opt/ros/dashing/share/ament_cmake_core/cmake/ament_cmake_package_templates-extras.cmake:41 (message):
[0.301s]   execute_process(/usr/bin/python3
[0.301s]   /opt/ros/dashing/share/ament_cmake_core/cmake/package_templates/templates_2_cmake.py
[0.301s]   /home/raoul/Documents/QEES/lab1/build/interprocess_remote_eval/ament_cmake_package_templates/templates.cmake)
[0.301s]   returned error code 1
[0.301s] Call Stack (most recent call first):
[0.302s]   /opt/ros/dashing/share/ament_cmake_core/cmake/ament_cmake_coreConfig.cmake:38 (include)
[0.302s]   /opt/ros/dashing/share/ament_cmake/cmake/ament_cmake_export_dependencies-extras.cmake:15 (find_package)
[0.302s]   /opt/ros/dashing/share/ament_cmake/cmake/ament_cmakeConfig.cmake:38 (include)
[0.302s]   CMakeLists.txt:9 (find_package)
[0.302s] 
[0.302s] 
[0.303s] -- Configuring incomplete, errors occurred!
[0.303s] See also "/home/raoul/Documents/QEES/lab1/build/interprocess_remote_eval/CMakeFiles/CMakeOutput.log".
[0.303s] See also "/home/raoul/Documents/QEES/lab1/build/interprocess_remote_eval/CMakeFiles/CMakeError.log".
[0.304s] Makefile:398: recipe for target 'cmake_check_build_system' failed
[0.304s] make: *** [cmake_check_build_system] Error 1
[0.307s] Invoked command in '/home/raoul/Documents/QEES/lab1/build/interprocess_remote_eval' returned '2': /usr/bin/cmake --build /home/raoul/Documents/QEES/lab1/build/interprocess_remote_eval -- -j8 -l8
