[0.055s] Invoking command in '/home/raoul/Documents/QEES/lab1.2/build/interprocess_eval': CMAKE_PREFIX_PATH=/opt/ros/dashing /usr/bin/cmake --build /home/raoul/Documents/QEES/lab1.2/build/interprocess_eval -- -j8 -l8
[0.152s] [35m[1mScanning dependencies of target talker_interprocess[0m
[0.153s] [35m[1mScanning dependencies of target talker_interprocess__rmw_connext_cpp[0m
[0.198s] [35m[1mScanning dependencies of target talker_interprocess__rmw_fastrtps_cpp[0m
[0.259s] [  6%] Built target listener_interprocess_single
[0.261s] [ 12%] Built target listener_interprocess_single__rmw_opensplice_cpp
[0.268s] [ 18%] Built target listener_interprocess
[0.270s] [ 25%] Built target talker_interprocess_single
[0.278s] [ 28%] [32mBuilding CXX object CMakeFiles/talker_interprocess__rmw_connext_cpp.dir/src/talker_interprocess.cpp.o[0m
[0.284s] [ 34%] Built target listener_interprocess__rmw_connext_cpp
[0.296s] [ 37%] [32mBuilding CXX object CMakeFiles/talker_interprocess.dir/src/talker_interprocess.cpp.o[0m
[0.332s] [ 40%] [32mBuilding CXX object CMakeFiles/talker_interprocess__rmw_fastrtps_cpp.dir/src/talker_interprocess.cpp.o[0m
[0.398s] [ 46%] Built target listener_interprocess_single__rmw_connext_cpp
[0.398s] [ 53%] Built target listener_interprocess__rmw_fastrtps_cpp
[0.420s] [ 59%] Built target talker_interprocess_single__rmw_connext_cpp
[0.422s] [ 65%] Built target listener_interprocess__rmw_opensplice_cpp
[0.423s] [ 71%] Built target talker_interprocess_single__rmw_fastrtps_cpp
[0.451s] [35m[1mScanning dependencies of target talker_interprocess__rmw_opensplice_cpp[0m
[0.484s] [ 78%] Built target listener_interprocess_single__rmw_fastrtps_cpp
[0.510s] [ 84%] Built target talker_interprocess_single__rmw_opensplice_cpp
[0.521s] [ 87%] [32mBuilding CXX object CMakeFiles/talker_interprocess__rmw_opensplice_cpp.dir/src/talker_interprocess.cpp.o[0m
[2.099s] [01m[K/home/raoul/Documents/QEES/lab1.2/src/interprocess_eval/src/talker_interprocess.cpp:[m[K In function â€˜[01m[Kint main(int, char**)[m[Kâ€™:
[2.100s] [01m[K/home/raoul/Documents/QEES/lab1.2/src/interprocess_eval/src/talker_interprocess.cpp:217:20:[m[K [01;31m[Kerror: [m[Kcannot convert â€˜[01m[Kbool[m[Kâ€™ to â€˜[01m[Kconst char*[m[Kâ€™ for argument â€˜[01m[K1[m[Kâ€™ to â€˜[01m[Kint printf(const char*, ...)[m[Kâ€™
[2.100s]          printf(prom[01;31m[K)[m[K;
[2.100s]                     [01;31m[K^[m[K
[2.122s] [01m[K/home/raoul/Documents/QEES/lab1.2/src/interprocess_eval/src/talker_interprocess.cpp:[m[K In function â€˜[01m[Kint main(int, char**)[m[Kâ€™:
[2.123s] [01m[K/home/raoul/Documents/QEES/lab1.2/src/interprocess_eval/src/talker_interprocess.cpp:217:20:[m[K [01;31m[Kerror: [m[Kcannot convert â€˜[01m[Kbool[m[Kâ€™ to â€˜[01m[Kconst char*[m[Kâ€™ for argument â€˜[01m[K1[m[Kâ€™ to â€˜[01m[Kint printf(const char*, ...)[m[Kâ€™
[2.123s]          printf(prom[01;31m[K)[m[K;
[2.123s]                     [01;31m[K^[m[K
[2.142s] [01m[K/home/raoul/Documents/QEES/lab1.2/src/interprocess_eval/src/talker_interprocess.cpp:[m[K In function â€˜[01m[Kint main(int, char**)[m[Kâ€™:
[2.142s] [01m[K/home/raoul/Documents/QEES/lab1.2/src/interprocess_eval/src/talker_interprocess.cpp:217:20:[m[K [01;31m[Kerror: [m[Kcannot convert â€˜[01m[Kbool[m[Kâ€™ to â€˜[01m[Kconst char*[m[Kâ€™ for argument â€˜[01m[K1[m[Kâ€™ to â€˜[01m[Kint printf(const char*, ...)[m[Kâ€™
[2.143s]          printf(prom[01;31m[K)[m[K;
[2.143s]                     [01;31m[K^[m[K
[2.223s] [01m[K/home/raoul/Documents/QEES/lab1.2/src/interprocess_eval/src/talker_interprocess.cpp:[m[K In function â€˜[01m[Kint main(int, char**)[m[Kâ€™:
[2.224s] [01m[K/home/raoul/Documents/QEES/lab1.2/src/interprocess_eval/src/talker_interprocess.cpp:217:20:[m[K [01;31m[Kerror: [m[Kcannot convert â€˜[01m[Kbool[m[Kâ€™ to â€˜[01m[Kconst char*[m[Kâ€™ for argument â€˜[01m[K1[m[Kâ€™ to â€˜[01m[Kint printf(const char*, ...)[m[Kâ€™
[2.224s]          printf(prom[01;31m[K)[m[K;
[2.224s]                     [01;31m[K^[m[K
[3.103s] CMakeFiles/talker_interprocess__rmw_connext_cpp.dir/build.make:62: recipe for target 'CMakeFiles/talker_interprocess__rmw_connext_cpp.dir/src/talker_interprocess.cpp.o' failed
[3.103s] make[2]: *** [CMakeFiles/talker_interprocess__rmw_connext_cpp.dir/src/talker_interprocess.cpp.o] Error 1
[3.103s] CMakeFiles/Makefile2:104: recipe for target 'CMakeFiles/talker_interprocess__rmw_connext_cpp.dir/all' failed
[3.104s] make[1]: *** [CMakeFiles/talker_interprocess__rmw_connext_cpp.dir/all] Error 2
[3.104s] make[1]: *** Waiting for unfinished jobs....
[3.141s] CMakeFiles/talker_interprocess.dir/build.make:62: recipe for target 'CMakeFiles/talker_interprocess.dir/src/talker_interprocess.cpp.o' failed
[3.141s] make[2]: *** [CMakeFiles/talker_interprocess.dir/src/talker_interprocess.cpp.o] Error 1
[3.141s] CMakeFiles/talker_interprocess__rmw_fastrtps_cpp.dir/build.make:62: recipe for target 'CMakeFiles/talker_interprocess__rmw_fastrtps_cpp.dir/src/talker_interprocess.cpp.o' failed
[3.141s] CMakeFiles/Makefile2:321: recipe for target 'CMakeFiles/talker_interprocess.dir/all' failed
[3.141s] CMakeFiles/Makefile2:252: recipe for target 'CMakeFiles/talker_interprocess__rmw_fastrtps_cpp.dir/all' failed
[3.142s] make[2]: *** [CMakeFiles/talker_interprocess__rmw_fastrtps_cpp.dir/src/talker_interprocess.cpp.o] Error 1
[3.142s] make[1]: *** [CMakeFiles/talker_interprocess.dir/all] Error 2
[3.142s] make[1]: *** [CMakeFiles/talker_interprocess__rmw_fastrtps_cpp.dir/all] Error 2
[3.212s] CMakeFiles/talker_interprocess__rmw_opensplice_cpp.dir/build.make:62: recipe for target 'CMakeFiles/talker_interprocess__rmw_opensplice_cpp.dir/src/talker_interprocess.cpp.o' failed
[3.212s] make[2]: *** [CMakeFiles/talker_interprocess__rmw_opensplice_cpp.dir/src/talker_interprocess.cpp.o] Error 1
[3.213s] CMakeFiles/Makefile2:617: recipe for target 'CMakeFiles/talker_interprocess__rmw_opensplice_cpp.dir/all' failed
[3.213s] make[1]: *** [CMakeFiles/talker_interprocess__rmw_opensplice_cpp.dir/all] Error 2
[3.213s] Makefile:140: recipe for target 'all' failed
[3.213s] make: *** [all] Error 2
[3.215s] Invoked command in '/home/raoul/Documents/QEES/lab1.2/build/interprocess_eval' returned '2': CMAKE_PREFIX_PATH=/opt/ros/dashing /usr/bin/cmake --build /home/raoul/Documents/QEES/lab1.2/build/interprocess_eval -- -j8 -l8
