[0.000000] (-) TimerEvent: {}
[0.000175] (artificial_load) JobQueued: {'identifier': 'artificial_load', 'dependencies': OrderedDict()}
[0.000225] (interprocess_eval) JobQueued: {'identifier': 'interprocess_eval', 'dependencies': OrderedDict()}
[0.000261] (interprocess_remote_eval) JobQueued: {'identifier': 'interprocess_remote_eval', 'dependencies': OrderedDict()}
[0.000292] (intraprocess_eval) JobQueued: {'identifier': 'intraprocess_eval', 'dependencies': OrderedDict()}
[0.000320] (artificial_load) JobStarted: {'identifier': 'artificial_load'}
[0.098764] (-) TimerEvent: {}
[0.137548] (interprocess_eval) JobStarted: {'identifier': 'interprocess_eval'}
[0.142429] (interprocess_remote_eval) JobStarted: {'identifier': 'interprocess_remote_eval'}
[0.153543] (intraprocess_eval) JobStarted: {'identifier': 'intraprocess_eval'}
[0.160599] (artificial_load) JobProgress: {'identifier': 'artificial_load', 'progress': 'cmake'}
[0.185362] (artificial_load) JobProgress: {'identifier': 'artificial_load', 'progress': 'build'}
[0.186953] (artificial_load) Command: {'cmd': ['/usr/bin/cmake', '--build', '/home/raoul/Documents/QEES/lab1/build/artificial_load', '--', '-j8', '-l8'], 'cwd': '/home/raoul/Documents/QEES/lab1/build/artificial_load', 'env': OrderedDict([('SUDO_GID', '1000'), ('MAIL', '/var/mail/root'), ('LC_TIME', 'nl_NL.UTF-8'), ('USER', 'root'), ('HOME', '/home/raoul'), ('LC_MONETARY', 'nl_NL.UTF-8'), ('COLORTERM', 'truecolor'), ('SUDO_UID', '1000'), ('LOGNAME', 'root'), ('TERM', 'xterm-256color'), ('USERNAME', 'root'), ('PATH', '/usr/local/sbin:/usr/local/bin:/usr/sbin:/usr/bin:/sbin:/bin:/snap/bin'), ('LC_ADDRESS', 'nl_NL.UTF-8'), ('DISPLAY', ':0'), ('LANG', 'en_US.UTF-8'), ('LC_TELEPHONE', 'nl_NL.UTF-8'), ('LS_COLORS', 'rs=0:di=01;34:ln=01;36:mh=00:pi=40;33:so=01;35:do=01;35:bd=40;33;01:cd=40;33;01:or=40;31;01:mi=00:su=37;41:sg=30;43:ca=30;41:tw=30;42:ow=34;42:st=37;44:ex=01;32:*.tar=01;31:*.tgz=01;31:*.arc=01;31:*.arj=01;31:*.taz=01;31:*.lha=01;31:*.lz4=01;31:*.lzh=01;31:*.lzma=01;31:*.tlz=01;31:*.txz=01;31:*.tzo=01;31:*.t7z=01;31:*.zip=01;31:*.z=01;31:*.Z=01;31:*.dz=01;31:*.gz=01;31:*.lrz=01;31:*.lz=01;31:*.lzo=01;31:*.xz=01;31:*.zst=01;31:*.tzst=01;31:*.bz2=01;31:*.bz=01;31:*.tbz=01;31:*.tbz2=01;31:*.tz=01;31:*.deb=01;31:*.rpm=01;31:*.jar=01;31:*.war=01;31:*.ear=01;31:*.sar=01;31:*.rar=01;31:*.alz=01;31:*.ace=01;31:*.zoo=01;31:*.cpio=01;31:*.7z=01;31:*.rz=01;31:*.cab=01;31:*.wim=01;31:*.swm=01;31:*.dwm=01;31:*.esd=01;31:*.jpg=01;35:*.jpeg=01;35:*.mjpg=01;35:*.mjpeg=01;35:*.gif=01;35:*.bmp=01;35:*.pbm=01;35:*.pgm=01;35:*.ppm=01;35:*.tga=01;35:*.xbm=01;35:*.xpm=01;35:*.tif=01;35:*.tiff=01;35:*.png=01;35:*.svg=01;35:*.svgz=01;35:*.mng=01;35:*.pcx=01;35:*.mov=01;35:*.mpg=01;35:*.mpeg=01;35:*.m2v=01;35:*.mkv=01;35:*.webm=01;35:*.ogm=01;35:*.mp4=01;35:*.m4v=01;35:*.mp4v=01;35:*.vob=01;35:*.qt=01;35:*.nuv=01;35:*.wmv=01;35:*.asf=01;35:*.rm=01;35:*.rmvb=01;35:*.flc=01;35:*.avi=01;35:*.fli=01;35:*.flv=01;35:*.gl=01;35:*.dl=01;35:*.xcf=01;35:*.xwd=01;35:*.yuv=01;35:*.cgm=01;35:*.emf=01;35:*.ogv=01;35:*.ogx=01;35:*.aac=00;36:*.au=00;36:*.flac=00;36:*.m4a=00;36:*.mid=00;36:*.midi=00;36:*.mka=00;36:*.mp3=00;36:*.mpc=00;36:*.ogg=00;36:*.ra=00;36:*.wav=00;36:*.oga=00;36:*.opus=00;36:*.spx=00;36:*.xspf=00;36:'), ('XAUTHORITY', '/run/user/1000/gdm/Xauthority'), ('SUDO_COMMAND', '/usr/bin/colcon build --symlink-install'), ('LC_NAME', 'nl_NL.UTF-8'), ('SHELL', '/bin/bash'), ('SUDO_USER', 'raoul'), ('LC_MEASUREMENT', 'nl_NL.UTF-8'), ('LC_IDENTIFICATION', 'nl_NL.UTF-8'), ('LC_ALL', 'en_US.UTF-8'), ('PWD', '/home/raoul/Documents/QEES/lab1/build/artificial_load'), ('LC_NUMERIC', 'nl_NL.UTF-8'), ('LC_PAPER', 'nl_NL.UTF-8'), ('COLCON', '1')]), 'shell': False}
[0.199155] (-) TimerEvent: {}
[0.224254] (interprocess_eval) JobProgress: {'identifier': 'interprocess_eval', 'progress': 'cmake'}
[0.239923] (interprocess_eval) JobProgress: {'identifier': 'interprocess_eval', 'progress': 'build'}
[0.241854] (interprocess_eval) Command: {'cmd': ['/usr/bin/cmake', '--build', '/home/raoul/Documents/QEES/lab1/build/interprocess_eval', '--', '-j8', '-l8'], 'cwd': '/home/raoul/Documents/QEES/lab1/build/interprocess_eval', 'env': OrderedDict([('SUDO_GID', '1000'), ('MAIL', '/var/mail/root'), ('LC_TIME', 'nl_NL.UTF-8'), ('USER', 'root'), ('HOME', '/home/raoul'), ('LC_MONETARY', 'nl_NL.UTF-8'), ('COLORTERM', 'truecolor'), ('SUDO_UID', '1000'), ('LOGNAME', 'root'), ('TERM', 'xterm-256color'), ('USERNAME', 'root'), ('PATH', '/usr/local/sbin:/usr/local/bin:/usr/sbin:/usr/bin:/sbin:/bin:/snap/bin'), ('LC_ADDRESS', 'nl_NL.UTF-8'), ('DISPLAY', ':0'), ('LANG', 'en_US.UTF-8'), ('LC_TELEPHONE', 'nl_NL.UTF-8'), ('LS_COLORS', 'rs=0:di=01;34:ln=01;36:mh=00:pi=40;33:so=01;35:do=01;35:bd=40;33;01:cd=40;33;01:or=40;31;01:mi=00:su=37;41:sg=30;43:ca=30;41:tw=30;42:ow=34;42:st=37;44:ex=01;32:*.tar=01;31:*.tgz=01;31:*.arc=01;31:*.arj=01;31:*.taz=01;31:*.lha=01;31:*.lz4=01;31:*.lzh=01;31:*.lzma=01;31:*.tlz=01;31:*.txz=01;31:*.tzo=01;31:*.t7z=01;31:*.zip=01;31:*.z=01;31:*.Z=01;31:*.dz=01;31:*.gz=01;31:*.lrz=01;31:*.lz=01;31:*.lzo=01;31:*.xz=01;31:*.zst=01;31:*.tzst=01;31:*.bz2=01;31:*.bz=01;31:*.tbz=01;31:*.tbz2=01;31:*.tz=01;31:*.deb=01;31:*.rpm=01;31:*.jar=01;31:*.war=01;31:*.ear=01;31:*.sar=01;31:*.rar=01;31:*.alz=01;31:*.ace=01;31:*.zoo=01;31:*.cpio=01;31:*.7z=01;31:*.rz=01;31:*.cab=01;31:*.wim=01;31:*.swm=01;31:*.dwm=01;31:*.esd=01;31:*.jpg=01;35:*.jpeg=01;35:*.mjpg=01;35:*.mjpeg=01;35:*.gif=01;35:*.bmp=01;35:*.pbm=01;35:*.pgm=01;35:*.ppm=01;35:*.tga=01;35:*.xbm=01;35:*.xpm=01;35:*.tif=01;35:*.tiff=01;35:*.png=01;35:*.svg=01;35:*.svgz=01;35:*.mng=01;35:*.pcx=01;35:*.mov=01;35:*.mpg=01;35:*.mpeg=01;35:*.m2v=01;35:*.mkv=01;35:*.webm=01;35:*.ogm=01;35:*.mp4=01;35:*.m4v=01;35:*.mp4v=01;35:*.vob=01;35:*.qt=01;35:*.nuv=01;35:*.wmv=01;35:*.asf=01;35:*.rm=01;35:*.rmvb=01;35:*.flc=01;35:*.avi=01;35:*.fli=01;35:*.flv=01;35:*.gl=01;35:*.dl=01;35:*.xcf=01;35:*.xwd=01;35:*.yuv=01;35:*.cgm=01;35:*.emf=01;35:*.ogv=01;35:*.ogx=01;35:*.aac=00;36:*.au=00;36:*.flac=00;36:*.m4a=00;36:*.mid=00;36:*.midi=00;36:*.mka=00;36:*.mp3=00;36:*.mpc=00;36:*.ogg=00;36:*.ra=00;36:*.wav=00;36:*.oga=00;36:*.opus=00;36:*.spx=00;36:*.xspf=00;36:'), ('XAUTHORITY', '/run/user/1000/gdm/Xauthority'), ('SUDO_COMMAND', '/usr/bin/colcon build --symlink-install'), ('LC_NAME', 'nl_NL.UTF-8'), ('SHELL', '/bin/bash'), ('SUDO_USER', 'raoul'), ('LC_MEASUREMENT', 'nl_NL.UTF-8'), ('LC_IDENTIFICATION', 'nl_NL.UTF-8'), ('LC_ALL', 'en_US.UTF-8'), ('PWD', '/home/raoul/Documents/QEES/lab1/build/interprocess_eval'), ('LC_NUMERIC', 'nl_NL.UTF-8'), ('LC_PAPER', 'nl_NL.UTF-8'), ('COLCON', '1')]), 'shell': False}
[0.244547] (interprocess_remote_eval) JobProgress: {'identifier': 'interprocess_remote_eval', 'progress': 'cmake'}
[0.285481] (interprocess_remote_eval) JobProgress: {'identifier': 'interprocess_remote_eval', 'progress': 'build'}
[0.287400] (interprocess_remote_eval) Command: {'cmd': ['/usr/bin/cmake', '--build', '/home/raoul/Documents/QEES/lab1/build/interprocess_remote_eval', '--', '-j8', '-l8'], 'cwd': '/home/raoul/Documents/QEES/lab1/build/interprocess_remote_eval', 'env': OrderedDict([('SUDO_GID', '1000'), ('MAIL', '/var/mail/root'), ('LC_TIME', 'nl_NL.UTF-8'), ('USER', 'root'), ('HOME', '/home/raoul'), ('LC_MONETARY', 'nl_NL.UTF-8'), ('COLORTERM', 'truecolor'), ('SUDO_UID', '1000'), ('LOGNAME', 'root'), ('TERM', 'xterm-256color'), ('USERNAME', 'root'), ('PATH', '/usr/local/sbin:/usr/local/bin:/usr/sbin:/usr/bin:/sbin:/bin:/snap/bin'), ('LC_ADDRESS', 'nl_NL.UTF-8'), ('DISPLAY', ':0'), ('LANG', 'en_US.UTF-8'), ('LC_TELEPHONE', 'nl_NL.UTF-8'), ('LS_COLORS', 'rs=0:di=01;34:ln=01;36:mh=00:pi=40;33:so=01;35:do=01;35:bd=40;33;01:cd=40;33;01:or=40;31;01:mi=00:su=37;41:sg=30;43:ca=30;41:tw=30;42:ow=34;42:st=37;44:ex=01;32:*.tar=01;31:*.tgz=01;31:*.arc=01;31:*.arj=01;31:*.taz=01;31:*.lha=01;31:*.lz4=01;31:*.lzh=01;31:*.lzma=01;31:*.tlz=01;31:*.txz=01;31:*.tzo=01;31:*.t7z=01;31:*.zip=01;31:*.z=01;31:*.Z=01;31:*.dz=01;31:*.gz=01;31:*.lrz=01;31:*.lz=01;31:*.lzo=01;31:*.xz=01;31:*.zst=01;31:*.tzst=01;31:*.bz2=01;31:*.bz=01;31:*.tbz=01;31:*.tbz2=01;31:*.tz=01;31:*.deb=01;31:*.rpm=01;31:*.jar=01;31:*.war=01;31:*.ear=01;31:*.sar=01;31:*.rar=01;31:*.alz=01;31:*.ace=01;31:*.zoo=01;31:*.cpio=01;31:*.7z=01;31:*.rz=01;31:*.cab=01;31:*.wim=01;31:*.swm=01;31:*.dwm=01;31:*.esd=01;31:*.jpg=01;35:*.jpeg=01;35:*.mjpg=01;35:*.mjpeg=01;35:*.gif=01;35:*.bmp=01;35:*.pbm=01;35:*.pgm=01;35:*.ppm=01;35:*.tga=01;35:*.xbm=01;35:*.xpm=01;35:*.tif=01;35:*.tiff=01;35:*.png=01;35:*.svg=01;35:*.svgz=01;35:*.mng=01;35:*.pcx=01;35:*.mov=01;35:*.mpg=01;35:*.mpeg=01;35:*.m2v=01;35:*.mkv=01;35:*.webm=01;35:*.ogm=01;35:*.mp4=01;35:*.m4v=01;35:*.mp4v=01;35:*.vob=01;35:*.qt=01;35:*.nuv=01;35:*.wmv=01;35:*.asf=01;35:*.rm=01;35:*.rmvb=01;35:*.flc=01;35:*.avi=01;35:*.fli=01;35:*.flv=01;35:*.gl=01;35:*.dl=01;35:*.xcf=01;35:*.xwd=01;35:*.yuv=01;35:*.cgm=01;35:*.emf=01;35:*.ogv=01;35:*.ogx=01;35:*.aac=00;36:*.au=00;36:*.flac=00;36:*.m4a=00;36:*.mid=00;36:*.midi=00;36:*.mka=00;36:*.mp3=00;36:*.mpc=00;36:*.ogg=00;36:*.ra=00;36:*.wav=00;36:*.oga=00;36:*.opus=00;36:*.spx=00;36:*.xspf=00;36:'), ('XAUTHORITY', '/run/user/1000/gdm/Xauthority'), ('SUDO_COMMAND', '/usr/bin/colcon build --symlink-install'), ('LC_NAME', 'nl_NL.UTF-8'), ('SHELL', '/bin/bash'), ('SUDO_USER', 'raoul'), ('LC_MEASUREMENT', 'nl_NL.UTF-8'), ('LC_IDENTIFICATION', 'nl_NL.UTF-8'), ('LC_ALL', 'en_US.UTF-8'), ('PWD', '/home/raoul/Documents/QEES/lab1/build/interprocess_remote_eval'), ('LC_NUMERIC', 'nl_NL.UTF-8'), ('LC_PAPER', 'nl_NL.UTF-8'), ('COLCON', '1')]), 'shell': False}
[0.290142] (intraprocess_eval) JobProgress: {'identifier': 'intraprocess_eval', 'progress': 'cmake'}
[0.294941] (intraprocess_eval) JobProgress: {'identifier': 'intraprocess_eval', 'progress': 'build'}
[0.296711] (intraprocess_eval) Command: {'cmd': ['/usr/bin/cmake', '--build', '/home/raoul/Documents/QEES/lab1/build/intraprocess_eval', '--', '-j8', '-l8'], 'cwd': '/home/raoul/Documents/QEES/lab1/build/intraprocess_eval', 'env': OrderedDict([('SUDO_GID', '1000'), ('MAIL', '/var/mail/root'), ('LC_TIME', 'nl_NL.UTF-8'), ('USER', 'root'), ('HOME', '/home/raoul'), ('LC_MONETARY', 'nl_NL.UTF-8'), ('COLORTERM', 'truecolor'), ('SUDO_UID', '1000'), ('LOGNAME', 'root'), ('TERM', 'xterm-256color'), ('USERNAME', 'root'), ('PATH', '/usr/local/sbin:/usr/local/bin:/usr/sbin:/usr/bin:/sbin:/bin:/snap/bin'), ('LC_ADDRESS', 'nl_NL.UTF-8'), ('DISPLAY', ':0'), ('LANG', 'en_US.UTF-8'), ('LC_TELEPHONE', 'nl_NL.UTF-8'), ('LS_COLORS', 'rs=0:di=01;34:ln=01;36:mh=00:pi=40;33:so=01;35:do=01;35:bd=40;33;01:cd=40;33;01:or=40;31;01:mi=00:su=37;41:sg=30;43:ca=30;41:tw=30;42:ow=34;42:st=37;44:ex=01;32:*.tar=01;31:*.tgz=01;31:*.arc=01;31:*.arj=01;31:*.taz=01;31:*.lha=01;31:*.lz4=01;31:*.lzh=01;31:*.lzma=01;31:*.tlz=01;31:*.txz=01;31:*.tzo=01;31:*.t7z=01;31:*.zip=01;31:*.z=01;31:*.Z=01;31:*.dz=01;31:*.gz=01;31:*.lrz=01;31:*.lz=01;31:*.lzo=01;31:*.xz=01;31:*.zst=01;31:*.tzst=01;31:*.bz2=01;31:*.bz=01;31:*.tbz=01;31:*.tbz2=01;31:*.tz=01;31:*.deb=01;31:*.rpm=01;31:*.jar=01;31:*.war=01;31:*.ear=01;31:*.sar=01;31:*.rar=01;31:*.alz=01;31:*.ace=01;31:*.zoo=01;31:*.cpio=01;31:*.7z=01;31:*.rz=01;31:*.cab=01;31:*.wim=01;31:*.swm=01;31:*.dwm=01;31:*.esd=01;31:*.jpg=01;35:*.jpeg=01;35:*.mjpg=01;35:*.mjpeg=01;35:*.gif=01;35:*.bmp=01;35:*.pbm=01;35:*.pgm=01;35:*.ppm=01;35:*.tga=01;35:*.xbm=01;35:*.xpm=01;35:*.tif=01;35:*.tiff=01;35:*.png=01;35:*.svg=01;35:*.svgz=01;35:*.mng=01;35:*.pcx=01;35:*.mov=01;35:*.mpg=01;35:*.mpeg=01;35:*.m2v=01;35:*.mkv=01;35:*.webm=01;35:*.ogm=01;35:*.mp4=01;35:*.m4v=01;35:*.mp4v=01;35:*.vob=01;35:*.qt=01;35:*.nuv=01;35:*.wmv=01;35:*.asf=01;35:*.rm=01;35:*.rmvb=01;35:*.flc=01;35:*.avi=01;35:*.fli=01;35:*.flv=01;35:*.gl=01;35:*.dl=01;35:*.xcf=01;35:*.xwd=01;35:*.yuv=01;35:*.cgm=01;35:*.emf=01;35:*.ogv=01;35:*.ogx=01;35:*.aac=00;36:*.au=00;36:*.flac=00;36:*.m4a=00;36:*.mid=00;36:*.midi=00;36:*.mka=00;36:*.mp3=00;36:*.mpc=00;36:*.ogg=00;36:*.ra=00;36:*.wav=00;36:*.oga=00;36:*.opus=00;36:*.spx=00;36:*.xspf=00;36:'), ('XAUTHORITY', '/run/user/1000/gdm/Xauthority'), ('SUDO_COMMAND', '/usr/bin/colcon build --symlink-install'), ('LC_NAME', 'nl_NL.UTF-8'), ('SHELL', '/bin/bash'), ('SUDO_USER', 'raoul'), ('LC_MEASUREMENT', 'nl_NL.UTF-8'), ('LC_IDENTIFICATION', 'nl_NL.UTF-8'), ('LC_ALL', 'en_US.UTF-8'), ('PWD', '/home/raoul/Documents/QEES/lab1/build/intraprocess_eval'), ('LC_NUMERIC', 'nl_NL.UTF-8'), ('LC_PAPER', 'nl_NL.UTF-8'), ('COLCON', '1')]), 'shell': False}
[0.300099] (-) TimerEvent: {}
[0.400535] (-) TimerEvent: {}
[0.500917] (-) TimerEvent: {}
[0.601331] (-) TimerEvent: {}
[0.701707] (-) TimerEvent: {}
[0.783136] (artificial_load) StdoutLine: {'line': b'-- Found ament_cmake: 0.7.6 (/opt/ros/dashing/share/ament_cmake/cmake)\n'}
[0.783651] (intraprocess_eval) StdoutLine: {'line': b'-- Found ament_cmake: 0.7.6 (/opt/ros/dashing/share/ament_cmake/cmake)\n'}
[0.783818] (interprocess_remote_eval) StdoutLine: {'line': b'-- Found ament_cmake: 0.7.6 (/opt/ros/dashing/share/ament_cmake/cmake)\n'}
[0.783959] (interprocess_eval) StdoutLine: {'line': b'-- Found ament_cmake: 0.7.6 (/opt/ros/dashing/share/ament_cmake/cmake)\n'}
[0.801886] (-) TimerEvent: {}
[0.880089] (artificial_load) StdoutLine: {'line': b'-- Using PYTHON_EXECUTABLE: /usr/bin/python3\n'}
[0.880606] (interprocess_remote_eval) StdoutLine: {'line': b'-- Using PYTHON_EXECUTABLE: /usr/bin/python3\n'}
[0.887793] (interprocess_eval) StdoutLine: {'line': b'-- Using PYTHON_EXECUTABLE: /usr/bin/python3\n'}
[0.889609] (intraprocess_eval) StdoutLine: {'line': b'-- Using PYTHON_EXECUTABLE: /usr/bin/python3\n'}
[0.902014] (-) TimerEvent: {}
[1.002355] (-) TimerEvent: {}
[1.027894] (artificial_load) StderrLine: {'line': b'Traceback (most recent call last):\n'}
[1.028279] (artificial_load) StderrLine: {'line': b'  File "/opt/ros/dashing/share/ament_cmake_core/cmake/package_templates/templates_2_cmake.py", line 21, in <module>\n'}
[1.028507] (artificial_load) StderrLine: {'line': b'    from ament_package.templates import get_environment_hook_template_path\n'}
[1.028703] (artificial_load) StderrLine: {'line': b"ModuleNotFoundError: No module named 'ament_package'\n"}
[1.028892] (interprocess_remote_eval) StderrLine: {'line': b'Traceback (most recent call last):\n'}
[1.029128] (interprocess_remote_eval) StderrLine: {'line': b'  File "/opt/ros/dashing/share/ament_cmake_core/cmake/package_templates/templates_2_cmake.py", line 21, in <module>\n'}
[1.029327] (interprocess_remote_eval) StderrLine: {'line': b'    from ament_package.templates import get_environment_hook_template_path\n'}
[1.029518] (interprocess_remote_eval) StderrLine: {'line': b"ModuleNotFoundError: No module named 'ament_package'\n"}
[1.031961] (intraprocess_eval) StderrLine: {'line': b'Traceback (most recent call last):\n'}
[1.032306] (intraprocess_eval) StderrLine: {'line': b'  File "/opt/ros/dashing/share/ament_cmake_core/cmake/package_templates/templates_2_cmake.py", line 21, in <module>\n'}
[1.032535] (intraprocess_eval) StderrLine: {'line': b'    from ament_package.templates import get_environment_hook_template_path\n'}
[1.032744] (intraprocess_eval) StderrLine: {'line': b"ModuleNotFoundError: No module named 'ament_package'\n"}
[1.046248] (interprocess_remote_eval) StderrLine: {'line': b'CMake Error at /opt/ros/dashing/share/ament_cmake_core/cmake/ament_cmake_package_templates-extras.cmake:41 (message):\n'}
[1.046815] (interprocess_remote_eval) StderrLine: {'line': b'  execute_process(/usr/bin/python3\n'}
[1.046993] (interprocess_remote_eval) StderrLine: {'line': b'  /opt/ros/dashing/share/ament_cmake_core/cmake/package_templates/templates_2_cmake.py\n'}
[1.047259] (interprocess_remote_eval) StderrLine: {'line': b'  /home/raoul/Documents/QEES/lab1/build/interprocess_remote_eval/ament_cmake_package_templates/templates.cmake)\n'}
[1.047393] (interprocess_remote_eval) StderrLine: {'line': b'  returned error code 1\n'}
[1.047678] (interprocess_remote_eval) StderrLine: {'line': b'Call Stack (most recent call first):\n'}
[1.047819] (interprocess_remote_eval) StderrLine: {'line': b'  /opt/ros/dashing/share/ament_cmake_core/cmake/ament_cmake_coreConfig.cmake:38 (include)\n'}
[1.047945] (interprocess_remote_eval) StderrLine: {'line': b'  /opt/ros/dashing/share/ament_cmake/cmake/ament_cmake_export_dependencies-extras.cmake:15 (find_package)\n'}
[1.048055] (interprocess_remote_eval) StderrLine: {'line': b'  /opt/ros/dashing/share/ament_cmake/cmake/ament_cmakeConfig.cmake:38 (include)\n'}
[1.048173] (interprocess_remote_eval) StderrLine: {'line': b'  CMakeLists.txt:9 (find_package)\n'}
[1.048279] (interprocess_remote_eval) StderrLine: {'line': b'\n'}
[1.048384] (interprocess_remote_eval) StderrLine: {'line': b'\n'}
[1.048488] (interprocess_eval) StderrLine: {'line': b'Traceback (most recent call last):\n'}
[1.048613] (interprocess_eval) StderrLine: {'line': b'  File "/opt/ros/dashing/share/ament_cmake_core/cmake/package_templates/templates_2_cmake.py", line 21, in <module>\n'}
[1.048722] (interprocess_eval) StderrLine: {'line': b'    from ament_package.templates import get_environment_hook_template_path\n'}
[1.048830] (interprocess_eval) StderrLine: {'line': b"ModuleNotFoundError: No module named 'ament_package'\n"}
[1.048933] (artificial_load) StderrLine: {'line': b'CMake Error at /opt/ros/dashing/share/ament_cmake_core/cmake/ament_cmake_package_templates-extras.cmake:41 (message):\n'}
[1.049043] (artificial_load) StderrLine: {'line': b'  execute_process(/usr/bin/python3\n'}
[1.049147] (artificial_load) StderrLine: {'line': b'  /opt/ros/dashing/share/ament_cmake_core/cmake/package_templates/templates_2_cmake.py\n'}
[1.049250] (artificial_load) StderrLine: {'line': b'  /home/raoul/Documents/QEES/lab1/build/artificial_load/ament_cmake_package_templates/templates.cmake)\n'}
[1.049352] (artificial_load) StderrLine: {'line': b'  returned error code 1\n'}
[1.049455] (artificial_load) StderrLine: {'line': b'Call Stack (most recent call first):\n'}
[1.049557] (artificial_load) StderrLine: {'line': b'  /opt/ros/dashing/share/ament_cmake_core/cmake/ament_cmake_coreConfig.cmake:38 (include)\n'}
[1.049659] (artificial_load) StderrLine: {'line': b'  /opt/ros/dashing/share/ament_cmake/cmake/ament_cmake_export_dependencies-extras.cmake:15 (find_package)\n'}
[1.049763] (artificial_load) StderrLine: {'line': b'  /opt/ros/dashing/share/ament_cmake/cmake/ament_cmakeConfig.cmake:38 (include)\n'}
[1.049863] (artificial_load) StderrLine: {'line': b'  CMakeLists.txt:13 (find_package)\n'}
[1.049969] (artificial_load) StderrLine: {'line': b'\n'}
[1.050150] (artificial_load) StderrLine: {'line': b'\n'}
[1.050332] (interprocess_remote_eval) StdoutLine: {'line': b'-- Configuring incomplete, errors occurred!\n'}
[1.050784] (interprocess_remote_eval) StdoutLine: {'line': b'See also "/home/raoul/Documents/QEES/lab1/build/interprocess_remote_eval/CMakeFiles/CMakeOutput.log".\n'}
[1.050997] (interprocess_remote_eval) StdoutLine: {'line': b'See also "/home/raoul/Documents/QEES/lab1/build/interprocess_remote_eval/CMakeFiles/CMakeError.log".\n'}
[1.051192] (artificial_load) StdoutLine: {'line': b'-- Configuring incomplete, errors occurred!\n'}
[1.051403] (artificial_load) StdoutLine: {'line': b'See also "/home/raoul/Documents/QEES/lab1/build/artificial_load/CMakeFiles/CMakeOutput.log".\n'}
[1.051517] (artificial_load) StdoutLine: {'line': b'See also "/home/raoul/Documents/QEES/lab1/build/artificial_load/CMakeFiles/CMakeError.log".\n'}
[1.051625] (intraprocess_eval) StderrLine: {'line': b'CMake Error at /opt/ros/dashing/share/ament_cmake_core/cmake/ament_cmake_package_templates-extras.cmake:41 (message):\n'}
[1.051740] (intraprocess_eval) StderrLine: {'line': b'  execute_process(/usr/bin/python3\n'}
[1.051844] (intraprocess_eval) StderrLine: {'line': b'  /opt/ros/dashing/share/ament_cmake_core/cmake/package_templates/templates_2_cmake.py\n'}
[1.051946] (intraprocess_eval) StderrLine: {'line': b'  /home/raoul/Documents/QEES/lab1/build/intraprocess_eval/ament_cmake_package_templates/templates.cmake)\n'}
[1.052048] (intraprocess_eval) StderrLine: {'line': b'  returned error code 1\n'}
[1.052149] (intraprocess_eval) StderrLine: {'line': b'Call Stack (most recent call first):\n'}
[1.052252] (intraprocess_eval) StderrLine: {'line': b'  /opt/ros/dashing/share/ament_cmake_core/cmake/ament_cmake_coreConfig.cmake:38 (include)\n'}
[1.052356] (intraprocess_eval) StderrLine: {'line': b'  /opt/ros/dashing/share/ament_cmake/cmake/ament_cmake_export_dependencies-extras.cmake:15 (find_package)\n'}
[1.052472] (intraprocess_eval) StderrLine: {'line': b'  /opt/ros/dashing/share/ament_cmake/cmake/ament_cmakeConfig.cmake:38 (include)\n'}
[1.052573] (intraprocess_eval) StderrLine: {'line': b'  CMakeLists.txt:9 (find_package)\n'}
[1.052676] (intraprocess_eval) StderrLine: {'line': b'\n'}
[1.052778] (intraprocess_eval) StderrLine: {'line': b'\n'}
[1.052879] (intraprocess_eval) StdoutLine: {'line': b'-- Configuring incomplete, errors occurred!\n'}
[1.052986] (intraprocess_eval) StdoutLine: {'line': b'See also "/home/raoul/Documents/QEES/lab1/build/intraprocess_eval/CMakeFiles/CMakeOutput.log".\n'}
[1.053092] (intraprocess_eval) StdoutLine: {'line': b'See also "/home/raoul/Documents/QEES/lab1/build/intraprocess_eval/CMakeFiles/CMakeError.log".\n'}
[1.061726] (interprocess_eval) StderrLine: {'line': b'CMake Error at /opt/ros/dashing/share/ament_cmake_core/cmake/ament_cmake_package_templates-extras.cmake:41 (message):\n'}
[1.062025] (interprocess_eval) StderrLine: {'line': b'  execute_process(/usr/bin/python3\n'}
[1.062230] (interprocess_eval) StderrLine: {'line': b'  /opt/ros/dashing/share/ament_cmake_core/cmake/package_templates/templates_2_cmake.py\n'}
[1.062511] (interprocess_eval) StderrLine: {'line': b'  /home/raoul/Documents/QEES/lab1/build/interprocess_eval/ament_cmake_package_templates/templates.cmake)\n'}
[1.062701] (interprocess_eval) StderrLine: {'line': b'  returned error code 1\n'}
[1.062881] (interprocess_eval) StderrLine: {'line': b'Call Stack (most recent call first):\n'}
[1.063059] (interprocess_eval) StderrLine: {'line': b'  /opt/ros/dashing/share/ament_cmake_core/cmake/ament_cmake_coreConfig.cmake:38 (include)\n'}
[1.063172] (interprocess_eval) StderrLine: {'line': b'  /opt/ros/dashing/share/ament_cmake/cmake/ament_cmake_export_dependencies-extras.cmake:15 (find_package)\n'}
[1.063277] (interprocess_eval) StderrLine: {'line': b'  /opt/ros/dashing/share/ament_cmake/cmake/ament_cmakeConfig.cmake:38 (include)\n'}
[1.063378] (interprocess_eval) StderrLine: {'line': b'  CMakeLists.txt:9 (find_package)\n'}
[1.063478] (interprocess_eval) StderrLine: {'line': b'\n'}
[1.063579] (interprocess_eval) StderrLine: {'line': b'\n'}
[1.063679] (interprocess_eval) StdoutLine: {'line': b'-- Configuring incomplete, errors occurred!\n'}
[1.063788] (interprocess_eval) StdoutLine: {'line': b'See also "/home/raoul/Documents/QEES/lab1/build/interprocess_eval/CMakeFiles/CMakeOutput.log".\n'}
[1.063894] (interprocess_eval) StdoutLine: {'line': b'See also "/home/raoul/Documents/QEES/lab1/build/interprocess_eval/CMakeFiles/CMakeError.log".\n'}
[1.102529] (-) TimerEvent: {}
[1.106992] (intraprocess_eval) StdoutLine: {'line': b"Makefile:303: recipe for target 'cmake_check_build_system' failed\n"}
[1.107594] (intraprocess_eval) StderrLine: {'line': b'make: *** [cmake_check_build_system] Error 1\n'}
[1.107814] (interprocess_eval) StderrLine: {'line': b'make: *** [cmake_check_build_system] Error 1\n'}
[1.108001] (interprocess_eval) StdoutLine: {'line': b"Makefile:588: recipe for target 'cmake_check_build_system' failed\n"}
[1.108183] (artificial_load) StdoutLine: {'line': b"Makefile:252: recipe for target 'cmake_check_build_system' failed\n"}
[1.108499] (interprocess_remote_eval) StderrLine: {'line': b'make: *** [cmake_check_build_system] Error 1\n'}
[1.108671] (artificial_load) StderrLine: {'line': b'make: *** [cmake_check_build_system] Error 1\n'}
[1.109017] (interprocess_remote_eval) StdoutLine: {'line': b"Makefile:398: recipe for target 'cmake_check_build_system' failed\n"}
[1.110529] (interprocess_eval) CommandEnded: {'returncode': 2}
[1.114071] (intraprocess_eval) CommandEnded: {'returncode': 2}
[1.117756] (interprocess_remote_eval) CommandEnded: {'returncode': 2}
[1.121970] (artificial_load) CommandEnded: {'returncode': 2}
[1.202717] (-) TimerEvent: {}
[1.303237] (-) TimerEvent: {}
[1.401257] (intraprocess_eval) JobEnded: {'identifier': 'intraprocess_eval', 'rc': 2}
[1.404791] (-) TimerEvent: {}
[1.454967] (interprocess_remote_eval) JobEnded: {'identifier': 'interprocess_remote_eval', 'rc': 2}
[1.466591] (interprocess_eval) JobEnded: {'identifier': 'interprocess_eval', 'rc': 2}
[1.500018] (artificial_load) JobEnded: {'identifier': 'artificial_load', 'rc': 2}
[1.504947] (-) TimerEvent: {}
[1.511691] (-) EventReactorShutdown: {}
