[35m[1mScanning dependencies of target talker_interprocess__rmw_connext_cpp[0m
[35m[1mScanning dependencies of target talker_interprocess[0m
[35m[1mScanning dependencies of target talker_interprocess__rmw_fastrtps_cpp[0m
[  6%] Built target listener_interprocess__rmw_connext_cpp
[ 12%] Built target talker_interprocess_single
[ 18%] Built target listener_interprocess
[ 25%] Built target listener_interprocess_single
[ 31%] Built target listener_interprocess_single__rmw_opensplice_cpp
[ 34%] [32mBuilding CXX object CMakeFiles/talker_interprocess__rmw_connext_cpp.dir/src/talker_interprocess.cpp.o[0m
[ 40%] [32mBuilding CXX object CMakeFiles/talker_interprocess.dir/src/talker_interprocess.cpp.o[0m
[ 40%] [32mBuilding CXX object CMakeFiles/talker_interprocess__rmw_fastrtps_cpp.dir/src/talker_interprocess.cpp.o[0m
[ 46%] Built target listener_interprocess__rmw_fastrtps_cpp
[ 53%] Built target listener_interprocess__rmw_opensplice_cpp
[ 59%] Built target talker_interprocess_single__rmw_connext_cpp
[ 65%] Built target listener_interprocess_single__rmw_connext_cpp
[ 71%] Built target talker_interprocess_single__rmw_fastrtps_cpp
[35m[1mScanning dependencies of target talker_interprocess__rmw_opensplice_cpp[0m
[ 78%] Built target listener_interprocess_single__rmw_fastrtps_cpp
[ 84%] Built target talker_interprocess_single__rmw_opensplice_cpp
[ 87%] [32mBuilding CXX object CMakeFiles/talker_interprocess__rmw_opensplice_cpp.dir/src/talker_interprocess.cpp.o[0m
[01m[K/home/raoul/Documents/QEES/lab1.2/src/interprocess_eval/src/talker_interprocess.cpp:223:3:[m[K [01;31m[Kerror: [m[Kâ€˜[01m[Kcount[m[Kâ€™ does not name a type
   [01;31m[Kcount[m[K = 0;
   [01;31m[K^~~~~[m[K
[01m[K/home/raoul/Documents/QEES/lab1.2/src/interprocess_eval/src/talker_interprocess.cpp:224:3:[m[K [01;31m[Kerror: [m[Kexpected unqualified-id before â€˜[01m[Kwhile[m[Kâ€™
   [01;31m[Kwhile[m[K (rclcpp::ok()) {
   [01;31m[K^~~~~[m[K
[01m[K/home/raoul/Documents/QEES/lab1.2/src/interprocess_eval/src/talker_interprocess.cpp:237:27:[m[K [01;31m[Kerror: [m[Kexpected declaration before end of line
 #pragma GCC diagnostic pop
                           [01;31m[K^[m[K
[01m[K/home/raoul/Documents/QEES/lab1.2/src/interprocess_eval/src/talker_interprocess.cpp:223:3:[m[K [01;31m[Kerror: [m[Kâ€˜[01m[Kcount[m[Kâ€™ does not name a type
   [01;31m[Kcount[m[K = 0;
   [01;31m[K^~~~~[m[K
[01m[K/home/raoul/Documents/QEES/lab1.2/src/interprocess_eval/src/talker_interprocess.cpp:224:3:[m[K [01;31m[Kerror: [m[Kexpected unqualified-id before â€˜[01m[Kwhile[m[Kâ€™
   [01;31m[Kwhile[m[K (rclcpp::ok()) {
   [01;31m[K^~~~~[m[K
[01m[K/home/raoul/Documents/QEES/lab1.2/src/interprocess_eval/src/talker_interprocess.cpp:237:27:[m[K [01;31m[Kerror: [m[Kexpected declaration before end of line
 #pragma GCC diagnostic pop
                           [01;31m[K^[m[K
[01m[K/home/raoul/Documents/QEES/lab1.2/src/interprocess_eval/src/talker_interprocess.cpp:223:3:[m[K [01;31m[Kerror: [m[Kâ€˜[01m[Kcount[m[Kâ€™ does not name a type
   [01;31m[Kcount[m[K = 0;
   [01;31m[K^~~~~[m[K
[01m[K/home/raoul/Documents/QEES/lab1.2/src/interprocess_eval/src/talker_interprocess.cpp:224:3:[m[K [01;31m[Kerror: [m[Kexpected unqualified-id before â€˜[01m[Kwhile[m[Kâ€™
   [01;31m[Kwhile[m[K (rclcpp::ok()) {
   [01;31m[K^~~~~[m[K
[01m[K/home/raoul/Documents/QEES/lab1.2/src/interprocess_eval/src/talker_interprocess.cpp:237:27:[m[K [01;31m[Kerror: [m[Kexpected declaration before end of line
 #pragma GCC diagnostic pop
                           [01;31m[K^[m[K
[01m[K/home/raoul/Documents/QEES/lab1.2/src/interprocess_eval/src/talker_interprocess.cpp:223:3:[m[K [01;31m[Kerror: [m[Kâ€˜[01m[Kcount[m[Kâ€™ does not name a type
   [01;31m[Kcount[m[K = 0;
   [01;31m[K^~~~~[m[K
[01m[K/home/raoul/Documents/QEES/lab1.2/src/interprocess_eval/src/talker_interprocess.cpp:224:3:[m[K [01;31m[Kerror: [m[Kexpected unqualified-id before â€˜[01m[Kwhile[m[Kâ€™
   [01;31m[Kwhile[m[K (rclcpp::ok()) {
   [01;31m[K^~~~~[m[K
[01m[K/home/raoul/Documents/QEES/lab1.2/src/interprocess_eval/src/talker_interprocess.cpp:237:27:[m[K [01;31m[Kerror: [m[Kexpected declaration before end of line
 #pragma GCC diagnostic pop
                           [01;31m[K^[m[K
make[2]: *** [CMakeFiles/talker_interprocess__rmw_fastrtps_cpp.dir/src/talker_interprocess.cpp.o] Error 1
CMakeFiles/talker_interprocess__rmw_fastrtps_cpp.dir/build.make:62: recipe for target 'CMakeFiles/talker_interprocess__rmw_fastrtps_cpp.dir/src/talker_interprocess.cpp.o' failed
CMakeFiles/Makefile2:252: recipe for target 'CMakeFiles/talker_interprocess__rmw_fastrtps_cpp.dir/all' failed
make[1]: *** [CMakeFiles/talker_interprocess__rmw_fastrtps_cpp.dir/all] Error 2
make[1]: *** Waiting for unfinished jobs....
CMakeFiles/talker_interprocess.dir/build.make:62: recipe for target 'CMakeFiles/talker_interprocess.dir/src/talker_interprocess.cpp.o' failed
make[2]: *** [CMakeFiles/talker_interprocess.dir/src/talker_interprocess.cpp.o] Error 1
make[1]: *** [CMakeFiles/talker_interprocess.dir/all] Error 2
CMakeFiles/Makefile2:321: recipe for target 'CMakeFiles/talker_interprocess.dir/all' failed
make[2]: *** [CMakeFiles/talker_interprocess__rmw_connext_cpp.dir/src/talker_interprocess.cpp.o] Error 1
CMakeFiles/talker_interprocess__rmw_connext_cpp.dir/build.make:62: recipe for target 'CMakeFiles/talker_interprocess__rmw_connext_cpp.dir/src/talker_interprocess.cpp.o' failed
make[1]: *** [CMakeFiles/talker_interprocess__rmw_connext_cpp.dir/all] Error 2
CMakeFiles/Makefile2:104: recipe for target 'CMakeFiles/talker_interprocess__rmw_connext_cpp.dir/all' failed
make[2]: *** [CMakeFiles/talker_interprocess__rmw_opensplice_cpp.dir/src/talker_interprocess.cpp.o] Error 1
CMakeFiles/talker_interprocess__rmw_opensplice_cpp.dir/build.make:62: recipe for target 'CMakeFiles/talker_interprocess__rmw_opensplice_cpp.dir/src/talker_interprocess.cpp.o' failed
make[1]: *** [CMakeFiles/talker_interprocess__rmw_opensplice_cpp.dir/all] Error 2
CMakeFiles/Makefile2:617: recipe for target 'CMakeFiles/talker_interprocess__rmw_opensplice_cpp.dir/all' failed
Makefile:140: recipe for target 'all' failed
make: *** [all] Error 2
