[35m[1mScanning dependencies of target talker_interprocess__rmw_connext_cpp[0m
[35m[1mScanning dependencies of target talker_interprocess[0m
[35m[1mScanning dependencies of target talker_interprocess__rmw_fastrtps_cpp[0m
[  6%] Built target listener_interprocess_single
[ 12%] Built target listener_interprocess__rmw_connext_cpp
[ 18%] Built target listener_interprocess_single__rmw_opensplice_cpp
[ 25%] Built target talker_interprocess_single
[ 28%] [32mBuilding CXX object CMakeFiles/talker_interprocess__rmw_connext_cpp.dir/src/talker_interprocess.cpp.o[0m
[ 34%] Built target listener_interprocess
[ 37%] [32mBuilding CXX object CMakeFiles/talker_interprocess__rmw_fastrtps_cpp.dir/src/talker_interprocess.cpp.o[0m
[ 43%] Built target listener_interprocess__rmw_opensplice_cpp
[ 46%] [32mBuilding CXX object CMakeFiles/talker_interprocess.dir/src/talker_interprocess.cpp.o[0m
[ 53%] Built target listener_interprocess_single__rmw_connext_cpp
[ 59%] Built target talker_interprocess_single__rmw_connext_cpp
[ 65%] Built target listener_interprocess__rmw_fastrtps_cpp
[ 78%] Built target talker_interprocess_single__rmw_fastrtps_cpp
[ 78%] Built target listener_interprocess_single__rmw_fastrtps_cpp
[35m[1mScanning dependencies of target talker_interprocess__rmw_opensplice_cpp[0m
[ 84%] Built target talker_interprocess_single__rmw_opensplice_cpp
[ 87%] [32mBuilding CXX object CMakeFiles/talker_interprocess__rmw_opensplice_cpp.dir/src/talker_interprocess.cpp.o[0m
[01m[K/home/raoul/Documents/QEES/lab1.2/src/interprocess_eval/src/talker_interprocess.cpp:[m[K In lambda function:
[01m[K/home/raoul/Documents/QEES/lab1.2/src/interprocess_eval/src/talker_interprocess.cpp:196:13:[m[K [01;31m[Kerror: [m[Kexpected â€˜[01m[K,[m[Kâ€™ or â€˜[01m[K;[m[Kâ€™ before â€˜[01m[Kstd[m[Kâ€™
             [01;31m[Kstd[m[K::string out_f = "./evaluation/ack_time/ack_time_" + output_filename.substr(output_filename.find_last_of('_') + 1);;
             [01;31m[K^~~[m[K
[01m[K/home/raoul/Documents/QEES/lab1.2/src/interprocess_eval/src/talker_interprocess.cpp:197:29:[m[K [01;31m[Kerror: [m[Kâ€˜[01m[Kout_f[m[Kâ€™ was not declared in this scope
             if ((fp = fopen([01;31m[Kout_f[m[K.c_str(), "w")) != NULL) {
                             [01;31m[K^~~~~[m[K
[01m[K/home/raoul/Documents/QEES/lab1.2/src/interprocess_eval/src/talker_interprocess.cpp:[m[K In lambda function:
[01m[K/home/raoul/Documents/QEES/lab1.2/src/interprocess_eval/src/talker_interprocess.cpp:196:13:[m[K [01;31m[Kerror: [m[Kexpected â€˜[01m[K,[m[Kâ€™ or â€˜[01m[K;[m[Kâ€™ before â€˜[01m[Kstd[m[Kâ€™
             [01;31m[Kstd[m[K::string out_f = "./evaluation/ack_time/ack_time_" + output_filename.substr(output_filename.find_last_of('_') + 1);;
             [01;31m[K^~~[m[K
[01m[K/home/raoul/Documents/QEES/lab1.2/src/interprocess_eval/src/talker_interprocess.cpp:197:29:[m[K [01;31m[Kerror: [m[Kâ€˜[01m[Kout_f[m[Kâ€™ was not declared in this scope
             if ((fp = fopen([01;31m[Kout_f[m[K.c_str(), "w")) != NULL) {
                             [01;31m[K^~~~~[m[K
[01m[K/home/raoul/Documents/QEES/lab1.2/src/interprocess_eval/src/talker_interprocess.cpp:[m[K In lambda function:
[01m[K/home/raoul/Documents/QEES/lab1.2/src/interprocess_eval/src/talker_interprocess.cpp:196:13:[m[K [01;31m[Kerror: [m[Kexpected â€˜[01m[K,[m[Kâ€™ or â€˜[01m[K;[m[Kâ€™ before â€˜[01m[Kstd[m[Kâ€™
             [01;31m[Kstd[m[K::string out_f = "./evaluation/ack_time/ack_time_" + output_filename.substr(output_filename.find_last_of('_') + 1);;
             [01;31m[K^~~[m[K
[01m[K/home/raoul/Documents/QEES/lab1.2/src/interprocess_eval/src/talker_interprocess.cpp:197:29:[m[K [01;31m[Kerror: [m[Kâ€˜[01m[Kout_f[m[Kâ€™ was not declared in this scope
             if ((fp = fopen([01;31m[Kout_f[m[K.c_str(), "w")) != NULL) {
                             [01;31m[K^~~~~[m[K
[01m[K/home/raoul/Documents/QEES/lab1.2/src/interprocess_eval/src/talker_interprocess.cpp:[m[K In lambda function:
[01m[K/home/raoul/Documents/QEES/lab1.2/src/interprocess_eval/src/talker_interprocess.cpp:196:13:[m[K [01;31m[Kerror: [m[Kexpected â€˜[01m[K,[m[Kâ€™ or â€˜[01m[K;[m[Kâ€™ before â€˜[01m[Kstd[m[Kâ€™
             [01;31m[Kstd[m[K::string out_f = "./evaluation/ack_time/ack_time_" + output_filename.substr(output_filename.find_last_of('_') + 1);;
             [01;31m[K^~~[m[K
[01m[K/home/raoul/Documents/QEES/lab1.2/src/interprocess_eval/src/talker_interprocess.cpp:197:29:[m[K [01;31m[Kerror: [m[Kâ€˜[01m[Kout_f[m[Kâ€™ was not declared in this scope
             if ((fp = fopen([01;31m[Kout_f[m[K.c_str(), "w")) != NULL) {
                             [01;31m[K^~~~~[m[K
make[2]: *** [CMakeFiles/talker_interprocess__rmw_connext_cpp.dir/src/talker_interprocess.cpp.o] Error 1
CMakeFiles/talker_interprocess__rmw_connext_cpp.dir/build.make:62: recipe for target 'CMakeFiles/talker_interprocess__rmw_connext_cpp.dir/src/talker_interprocess.cpp.o' failed
CMakeFiles/Makefile2:104: recipe for target 'CMakeFiles/talker_interprocess__rmw_connext_cpp.dir/all' failed
make[1]: *** [CMakeFiles/talker_interprocess__rmw_connext_cpp.dir/all] Error 2
make[1]: *** Waiting for unfinished jobs....
CMakeFiles/talker_interprocess__rmw_fastrtps_cpp.dir/build.make:62: recipe for target 'CMakeFiles/talker_interprocess__rmw_fastrtps_cpp.dir/src/talker_interprocess.cpp.o' failed
make[2]: *** [CMakeFiles/talker_interprocess__rmw_fastrtps_cpp.dir/src/talker_interprocess.cpp.o] Error 1
make[1]: *** [CMakeFiles/talker_interprocess__rmw_fastrtps_cpp.dir/all] Error 2
CMakeFiles/Makefile2:252: recipe for target 'CMakeFiles/talker_interprocess__rmw_fastrtps_cpp.dir/all' failed
CMakeFiles/talker_interprocess.dir/build.make:62: recipe for target 'CMakeFiles/talker_interprocess.dir/src/talker_interprocess.cpp.o' failed
make[2]: *** [CMakeFiles/talker_interprocess.dir/src/talker_interprocess.cpp.o] Error 1
CMakeFiles/Makefile2:321: recipe for target 'CMakeFiles/talker_interprocess.dir/all' failed
make[1]: *** [CMakeFiles/talker_interprocess.dir/all] Error 2
make[2]: *** [CMakeFiles/talker_interprocess__rmw_opensplice_cpp.dir/src/talker_interprocess.cpp.o] Error 1
make[1]: *** [CMakeFiles/talker_interprocess__rmw_opensplice_cpp.dir/all] Error 2
CMakeFiles/talker_interprocess__rmw_opensplice_cpp.dir/build.make:62: recipe for target 'CMakeFiles/talker_interprocess__rmw_opensplice_cpp.dir/src/talker_interprocess.cpp.o' failed
CMakeFiles/Makefile2:617: recipe for target 'CMakeFiles/talker_interprocess__rmw_opensplice_cpp.dir/all' failed
Makefile:140: recipe for target 'all' failed
make: *** [all] Error 2
