[0.063s] Invoking command in '/home/raoul/Documents/QEES/lab1.2/build/interprocess_eval': CMAKE_PREFIX_PATH=${CMAKE_PREFIX_PATH}:/opt/ros/dashing /usr/bin/cmake --build /home/raoul/Documents/QEES/lab1.2/build/interprocess_eval -- -j8 -l8
[0.169s] [35m[1mScanning dependencies of target talker_interprocess__rmw_connext_cpp[0m
[0.186s] [35m[1mScanning dependencies of target talker_interprocess[0m
[0.201s] [35m[1mScanning dependencies of target talker_interprocess__rmw_fastrtps_cpp[0m
[0.221s] [  6%] Built target listener_interprocess_single
[0.262s] [ 12%] Built target listener_interprocess__rmw_connext_cpp
[0.284s] [ 18%] Built target listener_interprocess_single__rmw_opensplice_cpp
[0.296s] [ 25%] Built target talker_interprocess_single
[0.297s] [ 28%] [32mBuilding CXX object CMakeFiles/talker_interprocess__rmw_connext_cpp.dir/src/talker_interprocess.cpp.o[0m
[0.314s] [ 34%] Built target listener_interprocess
[0.404s] [ 37%] [32mBuilding CXX object CMakeFiles/talker_interprocess__rmw_fastrtps_cpp.dir/src/talker_interprocess.cpp.o[0m
[0.407s] [ 43%] Built target listener_interprocess__rmw_opensplice_cpp
[0.407s] [ 46%] [32mBuilding CXX object CMakeFiles/talker_interprocess.dir/src/talker_interprocess.cpp.o[0m
[0.436s] [ 53%] Built target listener_interprocess_single__rmw_connext_cpp
[0.465s] [ 59%] Built target talker_interprocess_single__rmw_connext_cpp
[0.478s] [ 65%] Built target listener_interprocess__rmw_fastrtps_cpp
[0.483s] [ 78%] Built target talker_interprocess_single__rmw_fastrtps_cpp
[0.483s] [ 78%] Built target listener_interprocess_single__rmw_fastrtps_cpp
[0.492s] [35m[1mScanning dependencies of target talker_interprocess__rmw_opensplice_cpp[0m
[0.561s] [ 84%] Built target talker_interprocess_single__rmw_opensplice_cpp
[0.563s] [ 87%] [32mBuilding CXX object CMakeFiles/talker_interprocess__rmw_opensplice_cpp.dir/src/talker_interprocess.cpp.o[0m
[2.216s] [01m[K/home/raoul/Documents/QEES/lab1.2/src/interprocess_eval/src/talker_interprocess.cpp:[m[K In lambda function:
[2.217s] [01m[K/home/raoul/Documents/QEES/lab1.2/src/interprocess_eval/src/talker_interprocess.cpp:196:13:[m[K [01;31m[Kerror: [m[Kexpected â€˜[01m[K,[m[Kâ€™ or â€˜[01m[K;[m[Kâ€™ before â€˜[01m[Kstd[m[Kâ€™
[2.217s]              [01;31m[Kstd[m[K::string out_f = "./evaluation/ack_time/ack_time_" + output_filename.substr(output_filename.find_last_of('_') + 1);;
[2.217s]              [01;31m[K^~~[m[K
[2.217s] [01m[K/home/raoul/Documents/QEES/lab1.2/src/interprocess_eval/src/talker_interprocess.cpp:197:29:[m[K [01;31m[Kerror: [m[Kâ€˜[01m[Kout_f[m[Kâ€™ was not declared in this scope
[2.218s]              if ((fp = fopen([01;31m[Kout_f[m[K.c_str(), "w")) != NULL) {
[2.218s]                              [01;31m[K^~~~~[m[K
[2.304s] [01m[K/home/raoul/Documents/QEES/lab1.2/src/interprocess_eval/src/talker_interprocess.cpp:[m[K In lambda function:
[2.305s] [01m[K/home/raoul/Documents/QEES/lab1.2/src/interprocess_eval/src/talker_interprocess.cpp:196:13:[m[K [01;31m[Kerror: [m[Kexpected â€˜[01m[K,[m[Kâ€™ or â€˜[01m[K;[m[Kâ€™ before â€˜[01m[Kstd[m[Kâ€™
[2.305s]              [01;31m[Kstd[m[K::string out_f = "./evaluation/ack_time/ack_time_" + output_filename.substr(output_filename.find_last_of('_') + 1);;
[2.305s]              [01;31m[K^~~[m[K
[2.305s] [01m[K/home/raoul/Documents/QEES/lab1.2/src/interprocess_eval/src/talker_interprocess.cpp:197:29:[m[K [01;31m[Kerror: [m[Kâ€˜[01m[Kout_f[m[Kâ€™ was not declared in this scope
[2.305s]              if ((fp = fopen([01;31m[Kout_f[m[K.c_str(), "w")) != NULL) {
[2.306s]                              [01;31m[K^~~~~[m[K
[2.340s] [01m[K/home/raoul/Documents/QEES/lab1.2/src/interprocess_eval/src/talker_interprocess.cpp:[m[K In lambda function:
[2.340s] [01m[K/home/raoul/Documents/QEES/lab1.2/src/interprocess_eval/src/talker_interprocess.cpp:196:13:[m[K [01;31m[Kerror: [m[Kexpected â€˜[01m[K,[m[Kâ€™ or â€˜[01m[K;[m[Kâ€™ before â€˜[01m[Kstd[m[Kâ€™
[2.340s]              [01;31m[Kstd[m[K::string out_f = "./evaluation/ack_time/ack_time_" + output_filename.substr(output_filename.find_last_of('_') + 1);;
[2.341s]              [01;31m[K^~~[m[K
[2.341s] [01m[K/home/raoul/Documents/QEES/lab1.2/src/interprocess_eval/src/talker_interprocess.cpp:197:29:[m[K [01;31m[Kerror: [m[Kâ€˜[01m[Kout_f[m[Kâ€™ was not declared in this scope
[2.341s]              if ((fp = fopen([01;31m[Kout_f[m[K.c_str(), "w")) != NULL) {
[2.341s]                              [01;31m[K^~~~~[m[K
[2.468s] [01m[K/home/raoul/Documents/QEES/lab1.2/src/interprocess_eval/src/talker_interprocess.cpp:[m[K In lambda function:
[2.468s] [01m[K/home/raoul/Documents/QEES/lab1.2/src/interprocess_eval/src/talker_interprocess.cpp:196:13:[m[K [01;31m[Kerror: [m[Kexpected â€˜[01m[K,[m[Kâ€™ or â€˜[01m[K;[m[Kâ€™ before â€˜[01m[Kstd[m[Kâ€™
[2.468s]              [01;31m[Kstd[m[K::string out_f = "./evaluation/ack_time/ack_time_" + output_filename.substr(output_filename.find_last_of('_') + 1);;
[2.468s]              [01;31m[K^~~[m[K
[2.469s] [01m[K/home/raoul/Documents/QEES/lab1.2/src/interprocess_eval/src/talker_interprocess.cpp:197:29:[m[K [01;31m[Kerror: [m[Kâ€˜[01m[Kout_f[m[Kâ€™ was not declared in this scope
[2.469s]              if ((fp = fopen([01;31m[Kout_f[m[K.c_str(), "w")) != NULL) {
[2.469s]                              [01;31m[K^~~~~[m[K
[3.329s] make[2]: *** [CMakeFiles/talker_interprocess__rmw_connext_cpp.dir/src/talker_interprocess.cpp.o] Error 1
[3.329s] CMakeFiles/talker_interprocess__rmw_connext_cpp.dir/build.make:62: recipe for target 'CMakeFiles/talker_interprocess__rmw_connext_cpp.dir/src/talker_interprocess.cpp.o' failed
[3.330s] CMakeFiles/Makefile2:104: recipe for target 'CMakeFiles/talker_interprocess__rmw_connext_cpp.dir/all' failed
[3.330s] make[1]: *** [CMakeFiles/talker_interprocess__rmw_connext_cpp.dir/all] Error 2
[3.330s] make[1]: *** Waiting for unfinished jobs....
[3.412s] CMakeFiles/talker_interprocess__rmw_fastrtps_cpp.dir/build.make:62: recipe for target 'CMakeFiles/talker_interprocess__rmw_fastrtps_cpp.dir/src/talker_interprocess.cpp.o' failed
[3.412s] make[2]: *** [CMakeFiles/talker_interprocess__rmw_fastrtps_cpp.dir/src/talker_interprocess.cpp.o] Error 1
[3.412s] make[1]: *** [CMakeFiles/talker_interprocess__rmw_fastrtps_cpp.dir/all] Error 2
[3.412s] CMakeFiles/Makefile2:252: recipe for target 'CMakeFiles/talker_interprocess__rmw_fastrtps_cpp.dir/all' failed
[3.461s] CMakeFiles/talker_interprocess.dir/build.make:62: recipe for target 'CMakeFiles/talker_interprocess.dir/src/talker_interprocess.cpp.o' failed
[3.461s] make[2]: *** [CMakeFiles/talker_interprocess.dir/src/talker_interprocess.cpp.o] Error 1
[3.461s] CMakeFiles/Makefile2:321: recipe for target 'CMakeFiles/talker_interprocess.dir/all' failed
[3.461s] make[1]: *** [CMakeFiles/talker_interprocess.dir/all] Error 2
[3.575s] make[2]: *** [CMakeFiles/talker_interprocess__rmw_opensplice_cpp.dir/src/talker_interprocess.cpp.o] Error 1
[3.575s] make[1]: *** [CMakeFiles/talker_interprocess__rmw_opensplice_cpp.dir/all] Error 2
[3.575s] CMakeFiles/talker_interprocess__rmw_opensplice_cpp.dir/build.make:62: recipe for target 'CMakeFiles/talker_interprocess__rmw_opensplice_cpp.dir/src/talker_interprocess.cpp.o' failed
[3.575s] CMakeFiles/Makefile2:617: recipe for target 'CMakeFiles/talker_interprocess__rmw_opensplice_cpp.dir/all' failed
[3.576s] Makefile:140: recipe for target 'all' failed
[3.576s] make: *** [all] Error 2
[3.578s] Invoked command in '/home/raoul/Documents/QEES/lab1.2/build/interprocess_eval' returned '2': CMAKE_PREFIX_PATH=${CMAKE_PREFIX_PATH}:/opt/ros/dashing /usr/bin/cmake --build /home/raoul/Documents/QEES/lab1.2/build/interprocess_eval -- -j8 -l8
