[0.051s] Invoking command in '/home/raoul/Documents/QEES/lab1.2/build/interprocess_eval': CMAKE_PREFIX_PATH=/opt/ros/dashing /usr/bin/cmake --build /home/raoul/Documents/QEES/lab1.2/build/interprocess_eval -- -j8 -l8
[0.165s] [35m[1mScanning dependencies of target talker_interprocess[0m
[0.193s] [35m[1mScanning dependencies of target talker_interprocess__rmw_connext_cpp[0m
[0.202s] [35m[1mScanning dependencies of target talker_interprocess__rmw_fastrtps_cpp[0m
[0.263s] [  6%] Built target talker_interprocess_single
[0.272s] [ 12%] Built target listener_interprocess_single
[0.278s] [ 18%] Built target listener_interprocess_single__rmw_opensplice_cpp
[0.290s] [ 21%] [32mBuilding CXX object CMakeFiles/talker_interprocess.dir/src/talker_interprocess.cpp.o[0m
[0.320s] [ 28%] Built target listener_interprocess
[0.329s] [ 31%] [32mBuilding CXX object CMakeFiles/talker_interprocess__rmw_connext_cpp.dir/src/talker_interprocess.cpp.o[0m
[0.338s] [ 34%] [32mBuilding CXX object CMakeFiles/talker_interprocess__rmw_fastrtps_cpp.dir/src/talker_interprocess.cpp.o[0m
[0.358s] [ 40%] Built target listener_interprocess__rmw_connext_cpp
[0.396s] [ 46%] Built target listener_interprocess__rmw_opensplice_cpp
[0.415s] [ 53%] Built target talker_interprocess_single__rmw_connext_cpp
[0.433s] [ 59%] Built target listener_interprocess__rmw_fastrtps_cpp
[0.442s] [ 65%] Built target listener_interprocess_single__rmw_connext_cpp
[0.450s] [35m[1mScanning dependencies of target talker_interprocess__rmw_opensplice_cpp[0m
[0.469s] [ 71%] Built target talker_interprocess_single__rmw_fastrtps_cpp
[0.502s] [ 78%] Built target listener_interprocess_single__rmw_fastrtps_cpp
[0.523s] [ 81%] [32mBuilding CXX object CMakeFiles/talker_interprocess__rmw_opensplice_cpp.dir/src/talker_interprocess.cpp.o[0m
[0.527s] [ 87%] Built target talker_interprocess_single__rmw_opensplice_cpp
[2.176s] [01m[K/home/raoul/Documents/QEES/lab1.2/src/interprocess_eval/src/talker_interprocess.cpp:[m[K In function â€˜[01m[Kint main(int, char**)[m[Kâ€™:
[2.176s] [01m[K/home/raoul/Documents/QEES/lab1.2/src/interprocess_eval/src/talker_interprocess.cpp:241:79:[m[K [01;31m[Kerror: [m[Kno matching function for call to â€˜[01m[Kspin_until_future_complete(std::shared_ptr<rclcpp::Node>&, std::future<void>&, std::chrono::seconds)[m[Kâ€™
[2.176s]        rclcpp::spin_until_future_complete(node, future, std::chrono::seconds(5)[01;31m[K)[m[K;
[2.177s]                                                                                [01;31m[K^[m[K
[2.177s] In file included from [01m[K/opt/ros/dashing/include/rclcpp/rclcpp.hpp:144:0[m[K,
[2.177s]                  from [01m[K/home/raoul/Documents/QEES/lab1.2/src/interprocess_eval/src/talker_interprocess.cpp:13[m[K:
[2.177s] [01m[K/opt/ros/dashing/include/rclcpp/executors.hpp:104:1:[m[K [01;36m[Knote: [m[Kcandidate: template<class FutureT, class TimeRepT, class TimeT> rclcpp::executor::FutureReturnCode rclcpp::spin_until_future_complete(rclcpp::node_interfaces::NodeBaseInterface::SharedPtr, std::shared_future<_Res>&, std::chrono::duration<_Rep, _Period>)
[2.177s]  [01;36m[Kspin_until_future_complete[m[K(
[2.178s]  [01;36m[K^~~~~~~~~~~~~~~~~~~~~~~~~~[m[K
[2.178s] [01m[K/opt/ros/dashing/include/rclcpp/executors.hpp:104:1:[m[K [01;36m[Knote: [m[K  template argument deduction/substitution failed:
[2.178s] [01m[K/home/raoul/Documents/QEES/lab1.2/src/interprocess_eval/src/talker_interprocess.cpp:241:79:[m[K [01;36m[Knote: [m[K  â€˜[01m[Kstd::future<void>[m[Kâ€™ is not derived from â€˜[01m[Kstd::shared_future<_Res>[m[Kâ€™
[2.178s]        rclcpp::spin_until_future_complete(node, future, std::chrono::seconds(5)[01;36m[K)[m[K;
[2.179s]                                                                                [01;36m[K^[m[K
[2.179s] In file included from [01m[K/opt/ros/dashing/include/rclcpp/rclcpp.hpp:144:0[m[K,
[2.179s]                  from [01m[K/home/raoul/Documents/QEES/lab1.2/src/interprocess_eval/src/talker_interprocess.cpp:13[m[K:
[2.179s] [01m[K/opt/ros/dashing/include/rclcpp/executors.hpp:116:1:[m[K [01;36m[Knote: [m[Kcandidate: template<class NodeT, class FutureT, class TimeRepT, class TimeT> rclcpp::executor::FutureReturnCode rclcpp::spin_until_future_complete(std::shared_ptr<_Tp>, std::shared_future<ResponseT>&, std::chrono::duration<_Rep2, _Period2>)
[2.180s]  [01;36m[Kspin_until_future_complete[m[K(
[2.180s]  [01;36m[K^~~~~~~~~~~~~~~~~~~~~~~~~~[m[K
[2.180s] [01m[K/opt/ros/dashing/include/rclcpp/executors.hpp:116:1:[m[K [01;36m[Knote: [m[K  template argument deduction/substitution failed:
[2.180s] [01m[K/home/raoul/Documents/QEES/lab1.2/src/interprocess_eval/src/talker_interprocess.cpp:241:79:[m[K [01;36m[Knote: [m[K  â€˜[01m[Kstd::future<void>[m[Kâ€™ is not derived from â€˜[01m[Kstd::shared_future<ResponseT>[m[Kâ€™
[2.181s]        rclcpp::spin_until_future_complete(node, future, std::chrono::seconds(5)[01;36m[K)[m[K;
[2.181s]                                                                                [01;36m[K^[m[K
[2.210s] [01m[K/home/raoul/Documents/QEES/lab1.2/src/interprocess_eval/src/talker_interprocess.cpp:[m[K In function â€˜[01m[Kint main(int, char**)[m[Kâ€™:
[2.210s] [01m[K/home/raoul/Documents/QEES/lab1.2/src/interprocess_eval/src/talker_interprocess.cpp:241:79:[m[K [01;31m[Kerror: [m[Kno matching function for call to â€˜[01m[Kspin_until_future_complete(std::shared_ptr<rclcpp::Node>&, std::future<void>&, std::chrono::seconds)[m[Kâ€™
[2.210s]        rclcpp::spin_until_future_complete(node, future, std::chrono::seconds(5)[01;31m[K)[m[K;
[2.211s]                                                                                [01;31m[K^[m[K
[2.211s] In file included from [01m[K/opt/ros/dashing/include/rclcpp/rclcpp.hpp:144:0[m[K,
[2.211s]                  from [01m[K/home/raoul/Documents/QEES/lab1.2/src/interprocess_eval/src/talker_interprocess.cpp:13[m[K:
[2.211s] [01m[K/opt/ros/dashing/include/rclcpp/executors.hpp:104:1:[m[K [01;36m[Knote: [m[Kcandidate: template<class FutureT, class TimeRepT, class TimeT> rclcpp::executor::FutureReturnCode rclcpp::spin_until_future_complete(rclcpp::node_interfaces::NodeBaseInterface::SharedPtr, std::shared_future<_Res>&, std::chrono::duration<_Rep, _Period>)
[2.212s]  [01;36m[Kspin_until_future_complete[m[K(
[2.212s]  [01;36m[K^~~~~~~~~~~~~~~~~~~~~~~~~~[m[K
[2.212s] [01m[K/opt/ros/dashing/include/rclcpp/executors.hpp:104:1:[m[K [01;36m[Knote: [m[K  template argument deduction/substitution failed:
[2.212s] [01m[K/home/raoul/Documents/QEES/lab1.2/src/interprocess_eval/src/talker_interprocess.cpp:241:79:[m[K [01;36m[Knote: [m[K  â€˜[01m[Kstd::future<void>[m[Kâ€™ is not derived from â€˜[01m[Kstd::shared_future<_Res>[m[Kâ€™
[2.212s]        rclcpp::spin_until_future_complete(node, future, std::chrono::seconds(5)[01;36m[K)[m[K;
[2.213s]                                                                                [01;36m[K^[m[K
[2.213s] In file included from [01m[K/opt/ros/dashing/include/rclcpp/rclcpp.hpp:144:0[m[K,
[2.213s]                  from [01m[K/home/raoul/Documents/QEES/lab1.2/src/interprocess_eval/src/talker_interprocess.cpp:13[m[K:
[2.213s] [01m[K/opt/ros/dashing/include/rclcpp/executors.hpp:116:1:[m[K [01;36m[Knote: [m[Kcandidate: template<class NodeT, class FutureT, class TimeRepT, class TimeT> rclcpp::executor::FutureReturnCode rclcpp::spin_until_future_complete(std::shared_ptr<_Tp>, std::shared_future<ResponseT>&, std::chrono::duration<_Rep2, _Period2>)
[2.214s]  [01;36m[Kspin_until_future_complete[m[K(
[2.214s]  [01;36m[K^~~~~~~~~~~~~~~~~~~~~~~~~~[m[K
[2.214s] [01m[K/opt/ros/dashing/include/rclcpp/executors.hpp:116:1:[m[K [01;36m[Knote: [m[K  template argument deduction/substitution failed:
[2.214s] [01m[K/home/raoul/Documents/QEES/lab1.2/src/interprocess_eval/src/talker_interprocess.cpp:241:79:[m[K [01;36m[Knote: [m[K  â€˜[01m[Kstd::future<void>[m[Kâ€™ is not derived from â€˜[01m[Kstd::shared_future<ResponseT>[m[Kâ€™
[2.214s]        rclcpp::spin_until_future_complete(node, future, std::chrono::seconds(5)[01;36m[K)[m[K;
[2.215s]                                                                                [01;36m[K^[m[K
[2.236s] [01m[K/home/raoul/Documents/QEES/lab1.2/src/interprocess_eval/src/talker_interprocess.cpp:[m[K In function â€˜[01m[Kint main(int, char**)[m[Kâ€™:
[2.236s] [01m[K/home/raoul/Documents/QEES/lab1.2/src/interprocess_eval/src/talker_interprocess.cpp:241:79:[m[K [01;31m[Kerror: [m[Kno matching function for call to â€˜[01m[Kspin_until_future_complete(std::shared_ptr<rclcpp::Node>&, std::future<void>&, std::chrono::seconds)[m[Kâ€™
[2.236s]        rclcpp::spin_until_future_complete(node, future, std::chrono::seconds(5)[01;31m[K)[m[K;
[2.236s]                                                                                [01;31m[K^[m[K
[2.237s] In file included from [01m[K/opt/ros/dashing/include/rclcpp/rclcpp.hpp:144:0[m[K,
[2.237s]                  from [01m[K/home/raoul/Documents/QEES/lab1.2/src/interprocess_eval/src/talker_interprocess.cpp:13[m[K:
[2.237s] [01m[K/opt/ros/dashing/include/rclcpp/executors.hpp:104:1:[m[K [01;36m[Knote: [m[Kcandidate: template<class FutureT, class TimeRepT, class TimeT> rclcpp::executor::FutureReturnCode rclcpp::spin_until_future_complete(rclcpp::node_interfaces::NodeBaseInterface::SharedPtr, std::shared_future<_Res>&, std::chrono::duration<_Rep, _Period>)
[2.237s]  [01;36m[Kspin_until_future_complete[m[K(
[2.238s]  [01;36m[K^~~~~~~~~~~~~~~~~~~~~~~~~~[m[K
[2.238s] [01m[K/opt/ros/dashing/include/rclcpp/executors.hpp:104:1:[m[K [01;36m[Knote: [m[K  template argument deduction/substitution failed:
[2.238s] [01m[K/home/raoul/Documents/QEES/lab1.2/src/interprocess_eval/src/talker_interprocess.cpp:241:79:[m[K [01;36m[Knote: [m[K  â€˜[01m[Kstd::future<void>[m[Kâ€™ is not derived from â€˜[01m[Kstd::shared_future<_Res>[m[Kâ€™
[2.238s]        rclcpp::spin_until_future_complete(node, future, std::chrono::seconds(5)[01;36m[K)[m[K;
[2.239s]                                                                                [01;36m[K^[m[K
[2.239s] In file included from [01m[K/opt/ros/dashing/include/rclcpp/rclcpp.hpp:144:0[m[K,
[2.239s]                  from [01m[K/home/raoul/Documents/QEES/lab1.2/src/interprocess_eval/src/talker_interprocess.cpp:13[m[K:
[2.239s] [01m[K/opt/ros/dashing/include/rclcpp/executors.hpp:116:1:[m[K [01;36m[Knote: [m[Kcandidate: template<class NodeT, class FutureT, class TimeRepT, class TimeT> rclcpp::executor::FutureReturnCode rclcpp::spin_until_future_complete(std::shared_ptr<_Tp>, std::shared_future<ResponseT>&, std::chrono::duration<_Rep2, _Period2>)
[2.239s]  [01;36m[Kspin_until_future_complete[m[K(
[2.240s]  [01;36m[K^~~~~~~~~~~~~~~~~~~~~~~~~~[m[K
[2.240s] [01m[K/opt/ros/dashing/include/rclcpp/executors.hpp:116:1:[m[K [01;36m[Knote: [m[K  template argument deduction/substitution failed:
[2.240s] [01m[K/home/raoul/Documents/QEES/lab1.2/src/interprocess_eval/src/talker_interprocess.cpp:241:79:[m[K [01;36m[Knote: [m[K  â€˜[01m[Kstd::future<void>[m[Kâ€™ is not derived from â€˜[01m[Kstd::shared_future<ResponseT>[m[Kâ€™
[2.240s]        rclcpp::spin_until_future_complete(node, future, std::chrono::seconds(5)[01;36m[K)[m[K;
[2.241s]                                                                                [01;36m[K^[m[K
[2.299s] [01m[K/home/raoul/Documents/QEES/lab1.2/src/interprocess_eval/src/talker_interprocess.cpp:[m[K In function â€˜[01m[Kint main(int, char**)[m[Kâ€™:
[2.300s] [01m[K/home/raoul/Documents/QEES/lab1.2/src/interprocess_eval/src/talker_interprocess.cpp:241:79:[m[K [01;31m[Kerror: [m[Kno matching function for call to â€˜[01m[Kspin_until_future_complete(std::shared_ptr<rclcpp::Node>&, std::future<void>&, std::chrono::seconds)[m[Kâ€™
[2.300s]        rclcpp::spin_until_future_complete(node, future, std::chrono::seconds(5)[01;31m[K)[m[K;
[2.300s]                                                                                [01;31m[K^[m[K
[2.300s] In file included from [01m[K/opt/ros/dashing/include/rclcpp/rclcpp.hpp:144:0[m[K,
[2.301s]                  from [01m[K/home/raoul/Documents/QEES/lab1.2/src/interprocess_eval/src/talker_interprocess.cpp:13[m[K:
[2.301s] [01m[K/opt/ros/dashing/include/rclcpp/executors.hpp:104:1:[m[K [01;36m[Knote: [m[Kcandidate: template<class FutureT, class TimeRepT, class TimeT> rclcpp::executor::FutureReturnCode rclcpp::spin_until_future_complete(rclcpp::node_interfaces::NodeBaseInterface::SharedPtr, std::shared_future<_Res>&, std::chrono::duration<_Rep, _Period>)
[2.301s]  [01;36m[Kspin_until_future_complete[m[K(
[2.301s]  [01;36m[K^~~~~~~~~~~~~~~~~~~~~~~~~~[m[K
[2.301s] [01m[K/opt/ros/dashing/include/rclcpp/executors.hpp:104:1:[m[K [01;36m[Knote: [m[K  template argument deduction/substitution failed:
[2.302s] [01m[K/home/raoul/Documents/QEES/lab1.2/src/interprocess_eval/src/talker_interprocess.cpp:241:79:[m[K [01;36m[Knote: [m[K  â€˜[01m[Kstd::future<void>[m[Kâ€™ is not derived from â€˜[01m[Kstd::shared_future<_Res>[m[Kâ€™
[2.302s]        rclcpp::spin_until_future_complete(node, future, std::chrono::seconds(5)[01;36m[K)[m[K;
[2.302s]                                                                                [01;36m[K^[m[K
[2.302s] In file included from [01m[K/opt/ros/dashing/include/rclcpp/rclcpp.hpp:144:0[m[K,
[2.303s]                  from [01m[K/home/raoul/Documents/QEES/lab1.2/src/interprocess_eval/src/talker_interprocess.cpp:13[m[K:
[2.303s] [01m[K/opt/ros/dashing/include/rclcpp/executors.hpp:116:1:[m[K [01;36m[Knote: [m[Kcandidate: template<class NodeT, class FutureT, class TimeRepT, class TimeT> rclcpp::executor::FutureReturnCode rclcpp::spin_until_future_complete(std::shared_ptr<_Tp>, std::shared_future<ResponseT>&, std::chrono::duration<_Rep2, _Period2>)
[2.303s]  [01;36m[Kspin_until_future_complete[m[K(
[2.303s]  [01;36m[K^~~~~~~~~~~~~~~~~~~~~~~~~~[m[K
[2.304s] [01m[K/opt/ros/dashing/include/rclcpp/executors.hpp:116:1:[m[K [01;36m[Knote: [m[K  template argument deduction/substitution failed:
[2.304s] [01m[K/home/raoul/Documents/QEES/lab1.2/src/interprocess_eval/src/talker_interprocess.cpp:241:79:[m[K [01;36m[Knote: [m[K  â€˜[01m[Kstd::future<void>[m[Kâ€™ is not derived from â€˜[01m[Kstd::shared_future<ResponseT>[m[Kâ€™
[2.304s]        rclcpp::spin_until_future_complete(node, future, std::chrono::seconds(5)[01;36m[K)[m[K;
[2.304s]                                                                                [01;36m[K^[m[K
[3.196s] make[2]: *** [CMakeFiles/talker_interprocess.dir/src/talker_interprocess.cpp.o] Error 1
[3.197s] CMakeFiles/talker_interprocess.dir/build.make:62: recipe for target 'CMakeFiles/talker_interprocess.dir/src/talker_interprocess.cpp.o' failed
[3.197s] CMakeFiles/Makefile2:321: recipe for target 'CMakeFiles/talker_interprocess.dir/all' failed
[3.197s] make[1]: *** [CMakeFiles/talker_interprocess.dir/all] Error 2
[3.198s] make[1]: *** Waiting for unfinished jobs....
[3.260s] make[2]: *** [CMakeFiles/talker_interprocess__rmw_fastrtps_cpp.dir/src/talker_interprocess.cpp.o] Error 1
[3.261s] CMakeFiles/talker_interprocess__rmw_fastrtps_cpp.dir/build.make:62: recipe for target 'CMakeFiles/talker_interprocess__rmw_fastrtps_cpp.dir/src/talker_interprocess.cpp.o' failed
[3.261s] make[1]: *** [CMakeFiles/talker_interprocess__rmw_fastrtps_cpp.dir/all] Error 2
[3.261s] CMakeFiles/Makefile2:252: recipe for target 'CMakeFiles/talker_interprocess__rmw_fastrtps_cpp.dir/all' failed
[3.283s] CMakeFiles/talker_interprocess__rmw_connext_cpp.dir/build.make:62: recipe for target 'CMakeFiles/talker_interprocess__rmw_connext_cpp.dir/src/talker_interprocess.cpp.o' failed
[3.283s] make[2]: *** [CMakeFiles/talker_interprocess__rmw_connext_cpp.dir/src/talker_interprocess.cpp.o] Error 1
[3.283s] make[1]: *** [CMakeFiles/talker_interprocess__rmw_connext_cpp.dir/all] Error 2
[3.283s] CMakeFiles/Makefile2:104: recipe for target 'CMakeFiles/talker_interprocess__rmw_connext_cpp.dir/all' failed
[3.316s] make[2]: *** [CMakeFiles/talker_interprocess__rmw_opensplice_cpp.dir/src/talker_interprocess.cpp.o] Error 1
[3.317s] CMakeFiles/talker_interprocess__rmw_opensplice_cpp.dir/build.make:62: recipe for target 'CMakeFiles/talker_interprocess__rmw_opensplice_cpp.dir/src/talker_interprocess.cpp.o' failed
[3.317s] make[1]: *** [CMakeFiles/talker_interprocess__rmw_opensplice_cpp.dir/all] Error 2
[3.317s] CMakeFiles/Makefile2:617: recipe for target 'CMakeFiles/talker_interprocess__rmw_opensplice_cpp.dir/all' failed
[3.317s] Makefile:140: recipe for target 'all' failed
[3.317s] make: *** [all] Error 2
[3.320s] Invoked command in '/home/raoul/Documents/QEES/lab1.2/build/interprocess_eval' returned '2': CMAKE_PREFIX_PATH=/opt/ros/dashing /usr/bin/cmake --build /home/raoul/Documents/QEES/lab1.2/build/interprocess_eval -- -j8 -l8
