[0.059s] Invoking command in '/home/raoul/Documents/QEES/lab1.2/build/interprocess_eval': CMAKE_PREFIX_PATH=${CMAKE_PREFIX_PATH}:/opt/ros/dashing /usr/bin/cmake --build /home/raoul/Documents/QEES/lab1.2/build/interprocess_eval -- -j8 -l8
[0.180s] [35m[1mScanning dependencies of target talker_interprocess__rmw_connext_cpp[0m
[0.213s] [35m[1mScanning dependencies of target talker_interprocess[0m
[0.277s] [35m[1mScanning dependencies of target talker_interprocess__rmw_fastrtps_cpp[0m
[0.282s] [  3%] [32mBuilding CXX object CMakeFiles/talker_interprocess__rmw_connext_cpp.dir/src/talker_interprocess.cpp.o[0m
[0.305s] [  9%] Built target listener_interprocess_single
[0.311s] [ 15%] Built target listener_interprocess
[0.328s] [ 21%] Built target talker_interprocess_single
[0.341s] [ 28%] Built target listener_interprocess_single__rmw_opensplice_cpp
[0.358s] [ 34%] Built target listener_interprocess__rmw_connext_cpp
[0.395s] [ 37%] [32mBuilding CXX object CMakeFiles/talker_interprocess__rmw_fastrtps_cpp.dir/src/talker_interprocess.cpp.o[0m
[0.400s] [ 40%] [32mBuilding CXX object CMakeFiles/talker_interprocess.dir/src/talker_interprocess.cpp.o[0m
[0.422s] [ 46%] Built target listener_interprocess__rmw_opensplice_cpp
[0.447s] [ 53%] Built target talker_interprocess_single__rmw_connext_cpp
[0.453s] [ 59%] Built target listener_interprocess_single__rmw_connext_cpp
[0.476s] [ 65%] Built target talker_interprocess_single__rmw_fastrtps_cpp
[0.489s] [ 71%] Built target listener_interprocess__rmw_fastrtps_cpp
[0.496s] [35m[1mScanning dependencies of target talker_interprocess__rmw_opensplice_cpp[0m
[0.530s] [ 78%] Built target listener_interprocess_single__rmw_fastrtps_cpp
[0.552s] [ 84%] Built target talker_interprocess_single__rmw_opensplice_cpp
[0.573s] [ 87%] [32mBuilding CXX object CMakeFiles/talker_interprocess__rmw_opensplice_cpp.dir/src/talker_interprocess.cpp.o[0m
[2.310s] [01m[K/home/raoul/Documents/QEES/lab1.2/src/interprocess_eval/src/talker_interprocess.cpp:[m[K In lambda function:
[2.310s] [01m[K/home/raoul/Documents/QEES/lab1.2/src/interprocess_eval/src/talker_interprocess.cpp:195:69:[m[K [01;31m[Kerror: [m[Kâ€˜[01m[Koutput_filename[m[Kâ€™ was not declared in this scope
[2.311s]              std::string out_f = "./evaluation/ack_time/ack_time_" + [01;31m[Koutput_filename[m[K.substr(output_filename.find_last_of('_') + 1);;
[2.311s]                                                                      [01;31m[K^~~~~~~~~~~~~~~[m[K
[2.329s] [01m[K/home/raoul/Documents/QEES/lab1.2/src/interprocess_eval/src/talker_interprocess.cpp:[m[K In lambda function:
[2.330s] [01m[K/home/raoul/Documents/QEES/lab1.2/src/interprocess_eval/src/talker_interprocess.cpp:195:69:[m[K [01;31m[Kerror: [m[Kâ€˜[01m[Koutput_filename[m[Kâ€™ was not declared in this scope
[2.330s]              std::string out_f = "./evaluation/ack_time/ack_time_" + [01;31m[Koutput_filename[m[K.substr(output_filename.find_last_of('_') + 1);;
[2.330s]                                                                      [01;31m[K^~~~~~~~~~~~~~~[m[K
[2.343s] [01m[K/home/raoul/Documents/QEES/lab1.2/src/interprocess_eval/src/talker_interprocess.cpp:[m[K In lambda function:
[2.344s] [01m[K/home/raoul/Documents/QEES/lab1.2/src/interprocess_eval/src/talker_interprocess.cpp:195:69:[m[K [01;31m[Kerror: [m[Kâ€˜[01m[Koutput_filename[m[Kâ€™ was not declared in this scope
[2.344s]              std::string out_f = "./evaluation/ack_time/ack_time_" + [01;31m[Koutput_filename[m[K.substr(output_filename.find_last_of('_') + 1);;
[2.344s]                                                                      [01;31m[K^~~~~~~~~~~~~~~[m[K
[2.496s] [01m[K/home/raoul/Documents/QEES/lab1.2/src/interprocess_eval/src/talker_interprocess.cpp:[m[K In lambda function:
[2.497s] [01m[K/home/raoul/Documents/QEES/lab1.2/src/interprocess_eval/src/talker_interprocess.cpp:195:69:[m[K [01;31m[Kerror: [m[Kâ€˜[01m[Koutput_filename[m[Kâ€™ was not declared in this scope
[2.497s]              std::string out_f = "./evaluation/ack_time/ack_time_" + [01;31m[Koutput_filename[m[K.substr(output_filename.find_last_of('_') + 1);;
[2.497s]                                                                      [01;31m[K^~~~~~~~~~~~~~~[m[K
[3.407s] make[2]: *** [CMakeFiles/talker_interprocess__rmw_fastrtps_cpp.dir/src/talker_interprocess.cpp.o] Error 1
[3.408s] CMakeFiles/talker_interprocess__rmw_fastrtps_cpp.dir/build.make:62: recipe for target 'CMakeFiles/talker_interprocess__rmw_fastrtps_cpp.dir/src/talker_interprocess.cpp.o' failed
[3.408s] make[1]: *** [CMakeFiles/talker_interprocess__rmw_fastrtps_cpp.dir/all] Error 2
[3.408s] make[1]: *** Waiting for unfinished jobs....
[3.408s] CMakeFiles/Makefile2:252: recipe for target 'CMakeFiles/talker_interprocess__rmw_fastrtps_cpp.dir/all' failed
[3.450s] CMakeFiles/talker_interprocess.dir/build.make:62: recipe for target 'CMakeFiles/talker_interprocess.dir/src/talker_interprocess.cpp.o' failed
[3.451s] make[2]: *** [CMakeFiles/talker_interprocess.dir/src/talker_interprocess.cpp.o] Error 1
[3.451s] make[1]: *** [CMakeFiles/talker_interprocess.dir/all] Error 2
[3.451s] CMakeFiles/Makefile2:321: recipe for target 'CMakeFiles/talker_interprocess.dir/all' failed
[3.465s] make[2]: *** [CMakeFiles/talker_interprocess__rmw_connext_cpp.dir/src/talker_interprocess.cpp.o] Error 1
[3.466s] make[1]: *** [CMakeFiles/talker_interprocess__rmw_connext_cpp.dir/all] Error 2
[3.466s] CMakeFiles/talker_interprocess__rmw_connext_cpp.dir/build.make:62: recipe for target 'CMakeFiles/talker_interprocess__rmw_connext_cpp.dir/src/talker_interprocess.cpp.o' failed
[3.466s] CMakeFiles/Makefile2:104: recipe for target 'CMakeFiles/talker_interprocess__rmw_connext_cpp.dir/all' failed
[3.589s] CMakeFiles/talker_interprocess__rmw_opensplice_cpp.dir/build.make:62: recipe for target 'CMakeFiles/talker_interprocess__rmw_opensplice_cpp.dir/src/talker_interprocess.cpp.o' failed
[3.590s] make[2]: *** [CMakeFiles/talker_interprocess__rmw_opensplice_cpp.dir/src/talker_interprocess.cpp.o] Error 1
[3.590s] make[1]: *** [CMakeFiles/talker_interprocess__rmw_opensplice_cpp.dir/all] Error 2
[3.590s] CMakeFiles/Makefile2:617: recipe for target 'CMakeFiles/talker_interprocess__rmw_opensplice_cpp.dir/all' failed
[3.590s] make: *** [all] Error 2
[3.590s] Makefile:140: recipe for target 'all' failed
[3.593s] Invoked command in '/home/raoul/Documents/QEES/lab1.2/build/interprocess_eval' returned '2': CMAKE_PREFIX_PATH=${CMAKE_PREFIX_PATH}:/opt/ros/dashing /usr/bin/cmake --build /home/raoul/Documents/QEES/lab1.2/build/interprocess_eval -- -j8 -l8
