[0.082s] Invoking command in '/home/raoul/Documents/QEES/lab1/build/artificial_load': /usr/bin/cmake --build /home/raoul/Documents/QEES/lab1/build/artificial_load -- -j8 -l8
[0.147s] -- Found ament_cmake: 0.7.6 (/opt/ros/dashing/share/ament_cmake/cmake)
[0.215s] -- Using PYTHON_EXECUTABLE: /usr/bin/python3
[0.374s] Traceback (most recent call last):
[0.375s]   File "/opt/ros/dashing/share/ament_cmake_core/cmake/package_templates/templates_2_cmake.py", line 21, in <module>
[0.375s]     from ament_package.templates import get_environment_hook_template_path
[0.375s] ModuleNotFoundError: No module named 'ament_package'
[0.390s] CMake Error at /opt/ros/dashing/share/ament_cmake_core/cmake/ament_cmake_package_templates-extras.cmake:41 (message):
[0.391s]   execute_process(/usr/bin/python3
[0.393s]   /opt/ros/dashing/share/ament_cmake_core/cmake/package_templates/templates_2_cmake.py
[0.393s]   /home/raoul/Documents/QEES/lab1/build/artificial_load/ament_cmake_package_templates/templates.cmake)
[0.393s]   returned error code 1
[0.394s] Call Stack (most recent call first):
[0.395s]   /opt/ros/dashing/share/ament_cmake_core/cmake/ament_cmake_coreConfig.cmake:38 (include)
[0.395s]   /opt/ros/dashing/share/ament_cmake/cmake/ament_cmake_export_dependencies-extras.cmake:15 (find_package)
[0.397s]   /opt/ros/dashing/share/ament_cmake/cmake/ament_cmakeConfig.cmake:38 (include)
[0.398s]   CMakeLists.txt:13 (find_package)
[0.398s] 
[0.398s] 
[0.399s] -- Configuring incomplete, errors occurred!
[0.400s] See also "/home/raoul/Documents/QEES/lab1/build/artificial_load/CMakeFiles/CMakeOutput.log".
[0.400s] See also "/home/raoul/Documents/QEES/lab1/build/artificial_load/CMakeFiles/CMakeError.log".
[0.400s] Makefile:252: recipe for target 'cmake_check_build_system' failed
[0.402s] make: *** [cmake_check_build_system] Error 1
[0.414s] Invoked command in '/home/raoul/Documents/QEES/lab1/build/artificial_load' returned '2': /usr/bin/cmake --build /home/raoul/Documents/QEES/lab1/build/artificial_load -- -j8 -l8
