[0.053s] Invoking command in '/home/raoul/Documents/QEES/lab1.2/build/interprocess_eval': CMAKE_PREFIX_PATH=${CMAKE_PREFIX_PATH}:/opt/ros/dashing /usr/bin/cmake --build /home/raoul/Documents/QEES/lab1.2/build/interprocess_eval -- -j8 -l8
[0.157s] [35m[1mScanning dependencies of target talker_interprocess__rmw_connext_cpp[0m
[0.170s] [35m[1mScanning dependencies of target talker_interprocess__rmw_fastrtps_cpp[0m
[0.219s] [35m[1mScanning dependencies of target talker_interprocess[0m
[0.262s] [  6%] Built target talker_interprocess_single
[0.266s] [ 12%] Built target listener_interprocess_single__rmw_opensplice_cpp
[0.286s] [ 18%] Built target listener_interprocess
[0.289s] [ 21%] [32mBuilding CXX object CMakeFiles/talker_interprocess__rmw_fastrtps_cpp.dir/src/talker_interprocess.cpp.o[0m
[0.311s] [ 28%] Built target listener_interprocess_single
[0.324s] [ 31%] [32mBuilding CXX object CMakeFiles/talker_interprocess__rmw_connext_cpp.dir/src/talker_interprocess.cpp.o[0m
[0.325s] [ 37%] Built target listener_interprocess__rmw_connext_cpp
[0.380s] [ 40%] [32mBuilding CXX object CMakeFiles/talker_interprocess.dir/src/talker_interprocess.cpp.o[0m
[0.391s] [ 46%] Built target listener_interprocess_single__rmw_connext_cpp
[0.407s] [ 53%] Built target listener_interprocess__rmw_opensplice_cpp
[0.448s] [35m[1mScanning dependencies of target talker_interprocess__rmw_opensplice_cpp[0m
[0.452s] [ 59%] Built target talker_interprocess_single__rmw_connext_cpp
[0.455s] [ 65%] Built target listener_interprocess__rmw_fastrtps_cpp
[0.482s] [ 71%] Built target listener_interprocess_single__rmw_fastrtps_cpp
[0.484s] [ 78%] Built target talker_interprocess_single__rmw_fastrtps_cpp
[0.523s] [ 81%] [32mBuilding CXX object CMakeFiles/talker_interprocess__rmw_opensplice_cpp.dir/src/talker_interprocess.cpp.o[0m
[0.548s] [ 87%] Built target talker_interprocess_single__rmw_opensplice_cpp
[2.164s] [01m[K/home/raoul/Documents/QEES/lab1.2/src/interprocess_eval/src/talker_interprocess.cpp:[m[K In lambda function:
[2.165s] [01m[K/home/raoul/Documents/QEES/lab1.2/src/interprocess_eval/src/talker_interprocess.cpp:182:33:[m[K [01;31m[Kerror: [m[Kcannot convert â€˜[01m[Kbool[m[Kâ€™ to â€˜[01m[Kconst char*[m[Kâ€™ for argument â€˜[01m[K1[m[Kâ€™ to â€˜[01m[Kint printf(const char*, ...)[m[Kâ€™
[2.165s]          printf(msg->data == "OK"[01;31m[K)[m[K
[2.165s]                                  [01;31m[K^[m[K
[2.189s] [01m[K/home/raoul/Documents/QEES/lab1.2/src/interprocess_eval/src/talker_interprocess.cpp:[m[K In lambda function:
[2.189s] [01m[K/home/raoul/Documents/QEES/lab1.2/src/interprocess_eval/src/talker_interprocess.cpp:182:33:[m[K [01;31m[Kerror: [m[Kcannot convert â€˜[01m[Kbool[m[Kâ€™ to â€˜[01m[Kconst char*[m[Kâ€™ for argument â€˜[01m[K1[m[Kâ€™ to â€˜[01m[Kint printf(const char*, ...)[m[Kâ€™
[2.189s]          printf(msg->data == "OK"[01;31m[K)[m[K
[2.189s]                                  [01;31m[K^[m[K
[2.198s] [01m[K/home/raoul/Documents/QEES/lab1.2/src/interprocess_eval/src/talker_interprocess.cpp:[m[K In lambda function:
[2.199s] [01m[K/home/raoul/Documents/QEES/lab1.2/src/interprocess_eval/src/talker_interprocess.cpp:182:33:[m[K [01;31m[Kerror: [m[Kcannot convert â€˜[01m[Kbool[m[Kâ€™ to â€˜[01m[Kconst char*[m[Kâ€™ for argument â€˜[01m[K1[m[Kâ€™ to â€˜[01m[Kint printf(const char*, ...)[m[Kâ€™
[2.199s]          printf(msg->data == "OK"[01;31m[K)[m[K
[2.199s]                                  [01;31m[K^[m[K
[2.236s] [01m[K/home/raoul/Documents/QEES/lab1.2/src/interprocess_eval/src/talker_interprocess.cpp:[m[K In lambda function:
[2.236s] [01m[K/home/raoul/Documents/QEES/lab1.2/src/interprocess_eval/src/talker_interprocess.cpp:182:33:[m[K [01;31m[Kerror: [m[Kcannot convert â€˜[01m[Kbool[m[Kâ€™ to â€˜[01m[Kconst char*[m[Kâ€™ for argument â€˜[01m[K1[m[Kâ€™ to â€˜[01m[Kint printf(const char*, ...)[m[Kâ€™
[2.237s]          printf(msg->data == "OK"[01;31m[K)[m[K
[2.237s]                                  [01;31m[K^[m[K
[3.173s] make[2]: *** [CMakeFiles/talker_interprocess__rmw_connext_cpp.dir/src/talker_interprocess.cpp.o] Error 1
[3.173s] CMakeFiles/talker_interprocess__rmw_connext_cpp.dir/build.make:62: recipe for target 'CMakeFiles/talker_interprocess__rmw_connext_cpp.dir/src/talker_interprocess.cpp.o' failed
[3.173s] CMakeFiles/Makefile2:104: recipe for target 'CMakeFiles/talker_interprocess__rmw_connext_cpp.dir/all' failed
[3.174s] make[1]: *** [CMakeFiles/talker_interprocess__rmw_connext_cpp.dir/all] Error 2
[3.174s] make[1]: *** Waiting for unfinished jobs....
[3.201s] CMakeFiles/talker_interprocess__rmw_fastrtps_cpp.dir/build.make:62: recipe for target 'CMakeFiles/talker_interprocess__rmw_fastrtps_cpp.dir/src/talker_interprocess.cpp.o' failed
[3.201s] make[2]: *** [CMakeFiles/talker_interprocess__rmw_fastrtps_cpp.dir/src/talker_interprocess.cpp.o] Error 1
[3.201s] make[1]: *** [CMakeFiles/talker_interprocess__rmw_fastrtps_cpp.dir/all] Error 2
[3.201s] CMakeFiles/Makefile2:252: recipe for target 'CMakeFiles/talker_interprocess__rmw_fastrtps_cpp.dir/all' failed
[3.222s] make[2]: *** [CMakeFiles/talker_interprocess.dir/src/talker_interprocess.cpp.o] Error 1
[3.223s] CMakeFiles/talker_interprocess.dir/build.make:62: recipe for target 'CMakeFiles/talker_interprocess.dir/src/talker_interprocess.cpp.o' failed
[3.223s] CMakeFiles/Makefile2:321: recipe for target 'CMakeFiles/talker_interprocess.dir/all' failed
[3.223s] make[1]: *** [CMakeFiles/talker_interprocess.dir/all] Error 2
[3.245s] make[2]: *** [CMakeFiles/talker_interprocess__rmw_opensplice_cpp.dir/src/talker_interprocess.cpp.o] Error 1
[3.246s] make[1]: *** [CMakeFiles/talker_interprocess__rmw_opensplice_cpp.dir/all] Error 2
[3.246s] CMakeFiles/talker_interprocess__rmw_opensplice_cpp.dir/build.make:62: recipe for target 'CMakeFiles/talker_interprocess__rmw_opensplice_cpp.dir/src/talker_interprocess.cpp.o' failed
[3.246s] CMakeFiles/Makefile2:617: recipe for target 'CMakeFiles/talker_interprocess__rmw_opensplice_cpp.dir/all' failed
[3.246s] Makefile:140: recipe for target 'all' failed
[3.246s] make: *** [all] Error 2
[3.249s] Invoked command in '/home/raoul/Documents/QEES/lab1.2/build/interprocess_eval' returned '2': CMAKE_PREFIX_PATH=${CMAKE_PREFIX_PATH}:/opt/ros/dashing /usr/bin/cmake --build /home/raoul/Documents/QEES/lab1.2/build/interprocess_eval -- -j8 -l8
