[0.057s] Invoking command in '/home/raoul/Documents/QEES/lab1/build/intraprocess_eval': /usr/bin/cmake --build /home/raoul/Documents/QEES/lab1/build/intraprocess_eval -- -j8 -l8
[0.087s] -- Found ament_cmake: 0.7.6 (/opt/ros/dashing/share/ament_cmake/cmake)
[0.128s] -- Using PYTHON_EXECUTABLE: /usr/bin/python3
[0.277s] Traceback (most recent call last):
[0.278s]   File "/opt/ros/dashing/share/ament_cmake_core/cmake/package_templates/templates_2_cmake.py", line 21, in <module>
[0.278s]     from ament_package.templates import get_environment_hook_template_path
[0.278s] ModuleNotFoundError: No module named 'ament_package'
[0.303s] CMake Error at /opt/ros/dashing/share/ament_cmake_core/cmake/ament_cmake_package_templates-extras.cmake:41 (message):
[0.303s]   execute_process(/usr/bin/python3
[0.304s]   /opt/ros/dashing/share/ament_cmake_core/cmake/package_templates/templates_2_cmake.py
[0.304s]   /home/raoul/Documents/QEES/lab1/build/intraprocess_eval/ament_cmake_package_templates/templates.cmake)
[0.304s]   returned error code 1
[0.305s] Call Stack (most recent call first):
[0.305s]   /opt/ros/dashing/share/ament_cmake_core/cmake/ament_cmake_coreConfig.cmake:38 (include)
[0.305s]   /opt/ros/dashing/share/ament_cmake/cmake/ament_cmake_export_dependencies-extras.cmake:15 (find_package)
[0.306s]   /opt/ros/dashing/share/ament_cmake/cmake/ament_cmakeConfig.cmake:38 (include)
[0.306s]   CMakeLists.txt:9 (find_package)
[0.306s] 
[0.307s] 
[0.307s] make: *** [cmake_check_build_system] Error 1
[0.307s] -- Configuring incomplete, errors occurred!
[0.307s] See also "/home/raoul/Documents/QEES/lab1/build/intraprocess_eval/CMakeFiles/CMakeOutput.log".
[0.308s] See also "/home/raoul/Documents/QEES/lab1/build/intraprocess_eval/CMakeFiles/CMakeError.log".
[0.308s] Makefile:303: recipe for target 'cmake_check_build_system' failed
