[01m[K/home/raoul/Documents/QEES/lab1.2/src/interprocess_eval/src/talker_interprocess.cpp:[m[K In function â€˜[01m[Kint eval_ros2(std::__cxx11::string, std::__cxx11::string, rclcpp::Publisher<std_msgs::msg::String_<std::allocator<void> > >::SharedPtr)[m[Kâ€™:
[01m[K/home/raoul/Documents/QEES/lab1.2/src/interprocess_eval/src/talker_interprocess.cpp:99:25:[m[K [01;31m[Kerror: [m[Kâ€˜[01m[Knode[m[Kâ€™ was not declared in this scope
       rclcpp::spin_some([01;31m[Knode[m[K);
                         [01;31m[K^~~~[m[K
[01m[K/home/raoul/Documents/QEES/lab1.2/src/interprocess_eval/src/talker_interprocess.cpp:99:25:[m[K [01;36m[Knote: [m[Ksuggested alternative: â€˜[01m[Knice[m[Kâ€™
       rclcpp::spin_some([01;36m[Knode[m[K);
                         [01;36m[K^~~~[m[K
                         [32m[Knice[m[K
[01m[K/home/raoul/Documents/QEES/lab1.2/src/interprocess_eval/src/talker_interprocess.cpp:[m[K In function â€˜[01m[Kint eval_ros2(std::__cxx11::string, std::__cxx11::string, rclcpp::Publisher<std_msgs::msg::String_<std::allocator<void> > >::SharedPtr)[m[Kâ€™:
[01m[K/home/raoul/Documents/QEES/lab1.2/src/interprocess_eval/src/talker_interprocess.cpp:99:25:[m[K [01;31m[Kerror: [m[Kâ€˜[01m[Knode[m[Kâ€™ was not declared in this scope
       rclcpp::spin_some([01;31m[Knode[m[K);
                         [01;31m[K^~~~[m[K
[01m[K/home/raoul/Documents/QEES/lab1.2/src/interprocess_eval/src/talker_interprocess.cpp:99:25:[m[K [01;36m[Knote: [m[Ksuggested alternative: â€˜[01m[Knice[m[Kâ€™
       rclcpp::spin_some([01;36m[Knode[m[K);
                         [01;36m[K^~~~[m[K
                         [32m[Knice[m[K
[01m[K/home/raoul/Documents/QEES/lab1.2/src/interprocess_eval/src/talker_interprocess.cpp:[m[K In function â€˜[01m[Kint eval_ros2(std::__cxx11::string, std::__cxx11::string, rclcpp::Publisher<std_msgs::msg::String_<std::allocator<void> > >::SharedPtr)[m[Kâ€™:
[01m[K/home/raoul/Documents/QEES/lab1.2/src/interprocess_eval/src/talker_interprocess.cpp:99:25:[m[K [01;31m[Kerror: [m[Kâ€˜[01m[Knode[m[Kâ€™ was not declared in this scope
       rclcpp::spin_some([01;31m[Knode[m[K);
                         [01;31m[K^~~~[m[K
[01m[K/home/raoul/Documents/QEES/lab1.2/src/interprocess_eval/src/talker_interprocess.cpp:99:25:[m[K [01;36m[Knote: [m[Ksuggested alternative: â€˜[01m[Knice[m[Kâ€™
       rclcpp::spin_some([01;36m[Knode[m[K);
                         [01;36m[K^~~~[m[K
                         [32m[Knice[m[K
[01m[K/home/raoul/Documents/QEES/lab1.2/src/interprocess_eval/src/talker_interprocess.cpp:[m[K In function â€˜[01m[Kint eval_ros2(std::__cxx11::string, std::__cxx11::string, rclcpp::Publisher<std_msgs::msg::String_<std::allocator<void> > >::SharedPtr)[m[Kâ€™:
[01m[K/home/raoul/Documents/QEES/lab1.2/src/interprocess_eval/src/talker_interprocess.cpp:99:25:[m[K [01;31m[Kerror: [m[Kâ€˜[01m[Knode[m[Kâ€™ was not declared in this scope
       rclcpp::spin_some([01;31m[Knode[m[K);
                         [01;31m[K^~~~[m[K
[01m[K/home/raoul/Documents/QEES/lab1.2/src/interprocess_eval/src/talker_interprocess.cpp:99:25:[m[K [01;36m[Knote: [m[Ksuggested alternative: â€˜[01m[Knice[m[Kâ€™
       rclcpp::spin_some([01;36m[Knode[m[K);
                         [01;36m[K^~~~[m[K
                         [32m[Knice[m[K
make[2]: *** [CMakeFiles/talker_interprocess.dir/src/talker_interprocess.cpp.o] Error 1
make[1]: *** [CMakeFiles/talker_interprocess.dir/all] Error 2
make[1]: *** Waiting for unfinished jobs....
make[2]: *** [CMakeFiles/talker_interprocess__rmw_fastrtps_cpp.dir/src/talker_interprocess.cpp.o] Error 1
make[1]: *** [CMakeFiles/talker_interprocess__rmw_fastrtps_cpp.dir/all] Error 2
make[2]: *** [CMakeFiles/talker_interprocess__rmw_connext_cpp.dir/src/talker_interprocess.cpp.o] Error 1
make[1]: *** [CMakeFiles/talker_interprocess__rmw_connext_cpp.dir/all] Error 2
make[2]: *** [CMakeFiles/talker_interprocess__rmw_opensplice_cpp.dir/src/talker_interprocess.cpp.o] Error 1
make[1]: *** [CMakeFiles/talker_interprocess__rmw_opensplice_cpp.dir/all] Error 2
make: *** [all] Error 2
