[35m[1mScanning dependencies of target talker_interprocess__rmw_fastrtps_cpp[0m
[35m[1mScanning dependencies of target talker_interprocess__rmw_connext_cpp[0m
[35m[1mScanning dependencies of target talker_interprocess[0m
[ 12%] Built target listener_interprocess_single
[ 12%] Built target talker_interprocess_single
[ 18%] Built target listener_interprocess__rmw_connext_cpp
[ 25%] Built target listener_interprocess_single__rmw_opensplice_cpp
[ 28%] [32mBuilding CXX object CMakeFiles/talker_interprocess__rmw_fastrtps_cpp.dir/src/talker_interprocess.cpp.o[0m
[ 31%] [32mBuilding CXX object CMakeFiles/talker_interprocess__rmw_connext_cpp.dir/src/talker_interprocess.cpp.o[0m
[ 37%] Built target listener_interprocess
[ 40%] [32mBuilding CXX object CMakeFiles/talker_interprocess.dir/src/talker_interprocess.cpp.o[0m
[ 46%] Built target listener_interprocess__rmw_opensplice_cpp
[ 53%] Built target talker_interprocess_single__rmw_connext_cpp
[ 59%] Built target listener_interprocess_single__rmw_connext_cpp
[ 65%] Built target listener_interprocess__rmw_fastrtps_cpp
[35m[1mScanning dependencies of target talker_interprocess__rmw_opensplice_cpp[0m
[ 71%] Built target talker_interprocess_single__rmw_fastrtps_cpp
[ 75%] [32mBuilding CXX object CMakeFiles/talker_interprocess__rmw_opensplice_cpp.dir/src/talker_interprocess.cpp.o[0m
[ 81%] Built target listener_interprocess_single__rmw_fastrtps_cpp
[ 87%] Built target talker_interprocess_single__rmw_opensplice_cpp
[01m[K/home/raoul/Documents/QEES/lab1.2/src/interprocess_eval/src/talker_interprocess.cpp:[m[K In function â€˜[01m[Kint eval_ros2(std::__cxx11::string, std::__cxx11::string, rclcpp::Publisher<std_msgs::msg::String_<std::allocator<void> > >::SharedPtr)[m[Kâ€™:
[01m[K/home/raoul/Documents/QEES/lab1.2/src/interprocess_eval/src/talker_interprocess.cpp:99:25:[m[K [01;31m[Kerror: [m[Kâ€˜[01m[Knode[m[Kâ€™ was not declared in this scope
       rclcpp::spin_some([01;31m[Knode[m[K);
                         [01;31m[K^~~~[m[K
[01m[K/home/raoul/Documents/QEES/lab1.2/src/interprocess_eval/src/talker_interprocess.cpp:99:25:[m[K [01;36m[Knote: [m[Ksuggested alternative: â€˜[01m[Knice[m[Kâ€™
       rclcpp::spin_some([01;36m[Knode[m[K);
                         [01;36m[K^~~~[m[K
                         [32m[Knice[m[K
[01m[K/home/raoul/Documents/QEES/lab1.2/src/interprocess_eval/src/talker_interprocess.cpp:[m[K In function â€˜[01m[Kint eval_ros2(std::__cxx11::string, std::__cxx11::string, rclcpp::Publisher<std_msgs::msg::String_<std::allocator<void> > >::SharedPtr)[m[Kâ€™:
[01m[K/home/raoul/Documents/QEES/lab1.2/src/interprocess_eval/src/talker_interprocess.cpp:99:25:[m[K [01;31m[Kerror: [m[Kâ€˜[01m[Knode[m[Kâ€™ was not declared in this scope
       rclcpp::spin_some([01;31m[Knode[m[K);
                         [01;31m[K^~~~[m[K
[01m[K/home/raoul/Documents/QEES/lab1.2/src/interprocess_eval/src/talker_interprocess.cpp:99:25:[m[K [01;36m[Knote: [m[Ksuggested alternative: â€˜[01m[Knice[m[Kâ€™
       rclcpp::spin_some([01;36m[Knode[m[K);
                         [01;36m[K^~~~[m[K
                         [32m[Knice[m[K
[01m[K/home/raoul/Documents/QEES/lab1.2/src/interprocess_eval/src/talker_interprocess.cpp:[m[K In function â€˜[01m[Kint eval_ros2(std::__cxx11::string, std::__cxx11::string, rclcpp::Publisher<std_msgs::msg::String_<std::allocator<void> > >::SharedPtr)[m[Kâ€™:
[01m[K/home/raoul/Documents/QEES/lab1.2/src/interprocess_eval/src/talker_interprocess.cpp:99:25:[m[K [01;31m[Kerror: [m[Kâ€˜[01m[Knode[m[Kâ€™ was not declared in this scope
       rclcpp::spin_some([01;31m[Knode[m[K);
                         [01;31m[K^~~~[m[K
[01m[K/home/raoul/Documents/QEES/lab1.2/src/interprocess_eval/src/talker_interprocess.cpp:99:25:[m[K [01;36m[Knote: [m[Ksuggested alternative: â€˜[01m[Knice[m[Kâ€™
       rclcpp::spin_some([01;36m[Knode[m[K);
                         [01;36m[K^~~~[m[K
                         [32m[Knice[m[K
[01m[K/home/raoul/Documents/QEES/lab1.2/src/interprocess_eval/src/talker_interprocess.cpp:[m[K In function â€˜[01m[Kint eval_ros2(std::__cxx11::string, std::__cxx11::string, rclcpp::Publisher<std_msgs::msg::String_<std::allocator<void> > >::SharedPtr)[m[Kâ€™:
[01m[K/home/raoul/Documents/QEES/lab1.2/src/interprocess_eval/src/talker_interprocess.cpp:99:25:[m[K [01;31m[Kerror: [m[Kâ€˜[01m[Knode[m[Kâ€™ was not declared in this scope
       rclcpp::spin_some([01;31m[Knode[m[K);
                         [01;31m[K^~~~[m[K
[01m[K/home/raoul/Documents/QEES/lab1.2/src/interprocess_eval/src/talker_interprocess.cpp:99:25:[m[K [01;36m[Knote: [m[Ksuggested alternative: â€˜[01m[Knice[m[Kâ€™
       rclcpp::spin_some([01;36m[Knode[m[K);
                         [01;36m[K^~~~[m[K
                         [32m[Knice[m[K
CMakeFiles/talker_interprocess.dir/build.make:62: recipe for target 'CMakeFiles/talker_interprocess.dir/src/talker_interprocess.cpp.o' failed
make[2]: *** [CMakeFiles/talker_interprocess.dir/src/talker_interprocess.cpp.o] Error 1
CMakeFiles/Makefile2:321: recipe for target 'CMakeFiles/talker_interprocess.dir/all' failed
make[1]: *** [CMakeFiles/talker_interprocess.dir/all] Error 2
make[1]: *** Waiting for unfinished jobs....
CMakeFiles/talker_interprocess__rmw_fastrtps_cpp.dir/build.make:62: recipe for target 'CMakeFiles/talker_interprocess__rmw_fastrtps_cpp.dir/src/talker_interprocess.cpp.o' failed
make[2]: *** [CMakeFiles/talker_interprocess__rmw_fastrtps_cpp.dir/src/talker_interprocess.cpp.o] Error 1
make[1]: *** [CMakeFiles/talker_interprocess__rmw_fastrtps_cpp.dir/all] Error 2
CMakeFiles/Makefile2:252: recipe for target 'CMakeFiles/talker_interprocess__rmw_fastrtps_cpp.dir/all' failed
CMakeFiles/talker_interprocess__rmw_connext_cpp.dir/build.make:62: recipe for target 'CMakeFiles/talker_interprocess__rmw_connext_cpp.dir/src/talker_interprocess.cpp.o' failed
make[2]: *** [CMakeFiles/talker_interprocess__rmw_connext_cpp.dir/src/talker_interprocess.cpp.o] Error 1
CMakeFiles/Makefile2:104: recipe for target 'CMakeFiles/talker_interprocess__rmw_connext_cpp.dir/all' failed
make[1]: *** [CMakeFiles/talker_interprocess__rmw_connext_cpp.dir/all] Error 2
CMakeFiles/talker_interprocess__rmw_opensplice_cpp.dir/build.make:62: recipe for target 'CMakeFiles/talker_interprocess__rmw_opensplice_cpp.dir/src/talker_interprocess.cpp.o' failed
make[2]: *** [CMakeFiles/talker_interprocess__rmw_opensplice_cpp.dir/src/talker_interprocess.cpp.o] Error 1
CMakeFiles/Makefile2:617: recipe for target 'CMakeFiles/talker_interprocess__rmw_opensplice_cpp.dir/all' failed
Makefile:140: recipe for target 'all' failed
make[1]: *** [CMakeFiles/talker_interprocess__rmw_opensplice_cpp.dir/all] Error 2
make: *** [all] Error 2
