[0.065s] Invoking command in '/home/raoul/Documents/QEES/lab1.2/build/interprocess_eval': CMAKE_PREFIX_PATH=${CMAKE_PREFIX_PATH}:/opt/ros/dashing /usr/bin/cmake --build /home/raoul/Documents/QEES/lab1.2/build/interprocess_eval -- -j8 -l8
[0.193s] [35m[1mScanning dependencies of target talker_interprocess__rmw_fastrtps_cpp[0m
[0.202s] [35m[1mScanning dependencies of target talker_interprocess__rmw_connext_cpp[0m
[0.212s] [35m[1mScanning dependencies of target talker_interprocess[0m
[0.297s] [ 12%] Built target listener_interprocess_single
[0.298s] [ 12%] Built target talker_interprocess_single
[0.333s] [ 18%] Built target listener_interprocess__rmw_connext_cpp
[0.333s] [ 25%] Built target listener_interprocess_single__rmw_opensplice_cpp
[0.336s] [ 28%] [32mBuilding CXX object CMakeFiles/talker_interprocess__rmw_fastrtps_cpp.dir/src/talker_interprocess.cpp.o[0m
[0.363s] [ 31%] [32mBuilding CXX object CMakeFiles/talker_interprocess__rmw_connext_cpp.dir/src/talker_interprocess.cpp.o[0m
[0.365s] [ 37%] Built target listener_interprocess
[0.374s] [ 40%] [32mBuilding CXX object CMakeFiles/talker_interprocess.dir/src/talker_interprocess.cpp.o[0m
[0.481s] [ 46%] Built target listener_interprocess__rmw_opensplice_cpp
[0.484s] [ 53%] Built target talker_interprocess_single__rmw_connext_cpp
[0.488s] [ 59%] Built target listener_interprocess_single__rmw_connext_cpp
[0.515s] [ 65%] Built target listener_interprocess__rmw_fastrtps_cpp
[0.526s] [35m[1mScanning dependencies of target talker_interprocess__rmw_opensplice_cpp[0m
[0.531s] [ 71%] Built target talker_interprocess_single__rmw_fastrtps_cpp
[0.599s] [ 75%] [32mBuilding CXX object CMakeFiles/talker_interprocess__rmw_opensplice_cpp.dir/src/talker_interprocess.cpp.o[0m
[0.600s] [ 81%] Built target listener_interprocess_single__rmw_fastrtps_cpp
[0.604s] [ 87%] Built target talker_interprocess_single__rmw_opensplice_cpp
[2.338s] [01m[K/home/raoul/Documents/QEES/lab1.2/src/interprocess_eval/src/talker_interprocess.cpp:[m[K In function â€˜[01m[Kint eval_ros2(std::__cxx11::string, std::__cxx11::string, rclcpp::Publisher<std_msgs::msg::String_<std::allocator<void> > >::SharedPtr)[m[Kâ€™:
[2.339s] [01m[K/home/raoul/Documents/QEES/lab1.2/src/interprocess_eval/src/talker_interprocess.cpp:99:25:[m[K [01;31m[Kerror: [m[Kâ€˜[01m[Knode[m[Kâ€™ was not declared in this scope
[2.339s]        rclcpp::spin_some([01;31m[Knode[m[K);
[2.339s]                          [01;31m[K^~~~[m[K
[2.339s] [01m[K/home/raoul/Documents/QEES/lab1.2/src/interprocess_eval/src/talker_interprocess.cpp:99:25:[m[K [01;36m[Knote: [m[Ksuggested alternative: â€˜[01m[Knice[m[Kâ€™
[2.340s]        rclcpp::spin_some([01;36m[Knode[m[K);
[2.340s]                          [01;36m[K^~~~[m[K
[2.340s]                          [32m[Knice[m[K
[2.393s] [01m[K/home/raoul/Documents/QEES/lab1.2/src/interprocess_eval/src/talker_interprocess.cpp:[m[K In function â€˜[01m[Kint eval_ros2(std::__cxx11::string, std::__cxx11::string, rclcpp::Publisher<std_msgs::msg::String_<std::allocator<void> > >::SharedPtr)[m[Kâ€™:
[2.393s] [01m[K/home/raoul/Documents/QEES/lab1.2/src/interprocess_eval/src/talker_interprocess.cpp:99:25:[m[K [01;31m[Kerror: [m[Kâ€˜[01m[Knode[m[Kâ€™ was not declared in this scope
[2.393s]        rclcpp::spin_some([01;31m[Knode[m[K);
[2.394s]                          [01;31m[K^~~~[m[K
[2.394s] [01m[K/home/raoul/Documents/QEES/lab1.2/src/interprocess_eval/src/talker_interprocess.cpp:99:25:[m[K [01;36m[Knote: [m[Ksuggested alternative: â€˜[01m[Knice[m[Kâ€™
[2.394s]        rclcpp::spin_some([01;36m[Knode[m[K);
[2.395s]                          [01;36m[K^~~~[m[K
[2.395s]                          [32m[Knice[m[K
[2.433s] [01m[K/home/raoul/Documents/QEES/lab1.2/src/interprocess_eval/src/talker_interprocess.cpp:[m[K In function â€˜[01m[Kint eval_ros2(std::__cxx11::string, std::__cxx11::string, rclcpp::Publisher<std_msgs::msg::String_<std::allocator<void> > >::SharedPtr)[m[Kâ€™:
[2.433s] [01m[K/home/raoul/Documents/QEES/lab1.2/src/interprocess_eval/src/talker_interprocess.cpp:99:25:[m[K [01;31m[Kerror: [m[Kâ€˜[01m[Knode[m[Kâ€™ was not declared in this scope
[2.433s]        rclcpp::spin_some([01;31m[Knode[m[K);
[2.434s]                          [01;31m[K^~~~[m[K
[2.434s] [01m[K/home/raoul/Documents/QEES/lab1.2/src/interprocess_eval/src/talker_interprocess.cpp:99:25:[m[K [01;36m[Knote: [m[Ksuggested alternative: â€˜[01m[Knice[m[Kâ€™
[2.434s]        rclcpp::spin_some([01;36m[Knode[m[K);
[2.434s]                          [01;36m[K^~~~[m[K
[2.435s]                          [32m[Knice[m[K
[2.493s] [01m[K/home/raoul/Documents/QEES/lab1.2/src/interprocess_eval/src/talker_interprocess.cpp:[m[K In function â€˜[01m[Kint eval_ros2(std::__cxx11::string, std::__cxx11::string, rclcpp::Publisher<std_msgs::msg::String_<std::allocator<void> > >::SharedPtr)[m[Kâ€™:
[2.493s] [01m[K/home/raoul/Documents/QEES/lab1.2/src/interprocess_eval/src/talker_interprocess.cpp:99:25:[m[K [01;31m[Kerror: [m[Kâ€˜[01m[Knode[m[Kâ€™ was not declared in this scope
[2.494s]        rclcpp::spin_some([01;31m[Knode[m[K);
[2.494s]                          [01;31m[K^~~~[m[K
[2.494s] [01m[K/home/raoul/Documents/QEES/lab1.2/src/interprocess_eval/src/talker_interprocess.cpp:99:25:[m[K [01;36m[Knote: [m[Ksuggested alternative: â€˜[01m[Knice[m[Kâ€™
[2.494s]        rclcpp::spin_some([01;36m[Knode[m[K);
[2.494s]                          [01;36m[K^~~~[m[K
[2.495s]                          [32m[Knice[m[K
[3.556s] CMakeFiles/talker_interprocess.dir/build.make:62: recipe for target 'CMakeFiles/talker_interprocess.dir/src/talker_interprocess.cpp.o' failed
[3.556s] make[2]: *** [CMakeFiles/talker_interprocess.dir/src/talker_interprocess.cpp.o] Error 1
[3.556s] CMakeFiles/Makefile2:321: recipe for target 'CMakeFiles/talker_interprocess.dir/all' failed
[3.557s] make[1]: *** [CMakeFiles/talker_interprocess.dir/all] Error 2
[3.557s] make[1]: *** Waiting for unfinished jobs....
[3.600s] CMakeFiles/talker_interprocess__rmw_fastrtps_cpp.dir/build.make:62: recipe for target 'CMakeFiles/talker_interprocess__rmw_fastrtps_cpp.dir/src/talker_interprocess.cpp.o' failed
[3.600s] make[2]: *** [CMakeFiles/talker_interprocess__rmw_fastrtps_cpp.dir/src/talker_interprocess.cpp.o] Error 1
[3.600s] make[1]: *** [CMakeFiles/talker_interprocess__rmw_fastrtps_cpp.dir/all] Error 2
[3.600s] CMakeFiles/Makefile2:252: recipe for target 'CMakeFiles/talker_interprocess__rmw_fastrtps_cpp.dir/all' failed
[3.644s] CMakeFiles/talker_interprocess__rmw_connext_cpp.dir/build.make:62: recipe for target 'CMakeFiles/talker_interprocess__rmw_connext_cpp.dir/src/talker_interprocess.cpp.o' failed
[3.644s] make[2]: *** [CMakeFiles/talker_interprocess__rmw_connext_cpp.dir/src/talker_interprocess.cpp.o] Error 1
[3.644s] CMakeFiles/Makefile2:104: recipe for target 'CMakeFiles/talker_interprocess__rmw_connext_cpp.dir/all' failed
[3.645s] make[1]: *** [CMakeFiles/talker_interprocess__rmw_connext_cpp.dir/all] Error 2
[3.724s] CMakeFiles/talker_interprocess__rmw_opensplice_cpp.dir/build.make:62: recipe for target 'CMakeFiles/talker_interprocess__rmw_opensplice_cpp.dir/src/talker_interprocess.cpp.o' failed
[3.724s] make[2]: *** [CMakeFiles/talker_interprocess__rmw_opensplice_cpp.dir/src/talker_interprocess.cpp.o] Error 1
[3.724s] CMakeFiles/Makefile2:617: recipe for target 'CMakeFiles/talker_interprocess__rmw_opensplice_cpp.dir/all' failed
[3.725s] Makefile:140: recipe for target 'all' failed
[3.725s] make[1]: *** [CMakeFiles/talker_interprocess__rmw_opensplice_cpp.dir/all] Error 2
[3.725s] make: *** [all] Error 2
[3.727s] Invoked command in '/home/raoul/Documents/QEES/lab1.2/build/interprocess_eval' returned '2': CMAKE_PREFIX_PATH=${CMAKE_PREFIX_PATH}:/opt/ros/dashing /usr/bin/cmake --build /home/raoul/Documents/QEES/lab1.2/build/interprocess_eval -- -j8 -l8
