[0.031s] Invoking command in '/home/raoul/Documents/QEES/lab1/build/intraprocess_eval': /usr/bin/cmake --build /home/raoul/Documents/QEES/lab1/build/intraprocess_eval -- -j8 -l8
[0.081s] -- Found ament_cmake: 0.7.6 (/opt/ros/dashing/share/ament_cmake/cmake)
[0.120s] -- Using PYTHON_EXECUTABLE: /usr/bin/python3
[0.257s] Traceback (most recent call last):
[0.257s]   File "/opt/ros/dashing/share/ament_cmake_core/cmake/package_templates/templates_2_cmake.py", line 21, in <module>
[0.258s]     from ament_package.templates import get_environment_hook_template_path
[0.258s] ModuleNotFoundError: No module named 'ament_package'
[0.275s] CMake Error at /opt/ros/dashing/share/ament_cmake_core/cmake/ament_cmake_package_templates-extras.cmake:41 (message):
[0.277s]   execute_process(/usr/bin/python3
[0.278s]   /opt/ros/dashing/share/ament_cmake_core/cmake/package_templates/templates_2_cmake.py
[0.279s]   /home/raoul/Documents/QEES/lab1/build/intraprocess_eval/ament_cmake_package_templates/templates.cmake)
[0.280s]   returned error code 1
[0.280s] Call Stack (most recent call first):
[0.280s]   /opt/ros/dashing/share/ament_cmake_core/cmake/ament_cmake_coreConfig.cmake:38 (include)
[0.281s]   /opt/ros/dashing/share/ament_cmake/cmake/ament_cmake_export_dependencies-extras.cmake:15 (find_package)
[0.281s]   /opt/ros/dashing/share/ament_cmake/cmake/ament_cmakeConfig.cmake:38 (include)
[0.282s]   CMakeLists.txt:9 (find_package)
[0.282s] 
[0.285s] 
[0.286s] -- Configuring incomplete, errors occurred!
[0.288s] See also "/home/raoul/Documents/QEES/lab1/build/intraprocess_eval/CMakeFiles/CMakeOutput.log".
[0.288s] See also "/home/raoul/Documents/QEES/lab1/build/intraprocess_eval/CMakeFiles/CMakeError.log".
[0.289s] Makefile:303: recipe for target 'cmake_check_build_system' failed
[0.289s] make: *** [cmake_check_build_system] Error 1
[0.289s] Invoked command in '/home/raoul/Documents/QEES/lab1/build/intraprocess_eval' returned '2': /usr/bin/cmake --build /home/raoul/Documents/QEES/lab1/build/intraprocess_eval -- -j8 -l8
