[0.037s] Invoking command in '/home/raoul/Documents/QEES/lab1/build/interprocess_eval': /usr/bin/cmake --build /home/raoul/Documents/QEES/lab1/build/interprocess_eval -- -j8 -l8
[0.086s] -- Found ament_cmake: 0.7.6 (/opt/ros/dashing/share/ament_cmake/cmake)
[0.131s] -- Using PYTHON_EXECUTABLE: /usr/bin/python3
[0.282s] Traceback (most recent call last):
[0.284s]   File "/opt/ros/dashing/share/ament_cmake_core/cmake/package_templates/templates_2_cmake.py", line 21, in <module>
[0.284s]     from ament_package.templates import get_environment_hook_template_path
[0.284s] ModuleNotFoundError: No module named 'ament_package'
[0.307s] CMake Error at /opt/ros/dashing/share/ament_cmake_core/cmake/ament_cmake_package_templates-extras.cmake:41 (message):
[0.307s]   execute_process(/usr/bin/python3
[0.307s]   /opt/ros/dashing/share/ament_cmake_core/cmake/package_templates/templates_2_cmake.py
[0.308s]   /home/raoul/Documents/QEES/lab1/build/interprocess_eval/ament_cmake_package_templates/templates.cmake)
[0.309s]   returned error code 1
[0.309s] Call Stack (most recent call first):
[0.311s]   /opt/ros/dashing/share/ament_cmake_core/cmake/ament_cmake_coreConfig.cmake:38 (include)
[0.311s]   /opt/ros/dashing/share/ament_cmake/cmake/ament_cmake_export_dependencies-extras.cmake:15 (find_package)
[0.312s]   /opt/ros/dashing/share/ament_cmake/cmake/ament_cmakeConfig.cmake:38 (include)
[0.312s]   CMakeLists.txt:9 (find_package)
[0.312s] 
[0.312s] 
[0.312s] -- Configuring incomplete, errors occurred!
[0.312s] See also "/home/raoul/Documents/QEES/lab1/build/interprocess_eval/CMakeFiles/CMakeOutput.log".
[0.313s] See also "/home/raoul/Documents/QEES/lab1/build/interprocess_eval/CMakeFiles/CMakeError.log".
[0.313s] Makefile:588: recipe for target 'cmake_check_build_system' failed
[0.314s] make: *** [cmake_check_build_system] Error 1
[0.314s] Invoked command in '/home/raoul/Documents/QEES/lab1/build/interprocess_eval' returned '2': /usr/bin/cmake --build /home/raoul/Documents/QEES/lab1/build/interprocess_eval -- -j8 -l8
