[0.053s] Invoking command in '/home/raoul/Documents/QEES/lab1.2/build/interprocess_eval': CMAKE_PREFIX_PATH=/opt/ros/dashing /usr/bin/cmake --build /home/raoul/Documents/QEES/lab1.2/build/interprocess_eval -- -j8 -l8
[0.140s] [35m[1mScanning dependencies of target talker_interprocess__rmw_connext_cpp[0m
[0.161s] [35m[1mScanning dependencies of target talker_interprocess[0m
[0.170s] [35m[1mScanning dependencies of target talker_interprocess__rmw_fastrtps_cpp[0m
[0.237s] [  6%] Built target listener_interprocess
[0.264s] [ 12%] Built target listener_interprocess_single__rmw_opensplice_cpp
[0.270s] [ 18%] Built target talker_interprocess_single
[0.290s] [ 21%] [32mBuilding CXX object CMakeFiles/talker_interprocess__rmw_fastrtps_cpp.dir/src/talker_interprocess.cpp.o[0m
[0.298s] [ 25%] [32mBuilding CXX object CMakeFiles/talker_interprocess__rmw_connext_cpp.dir/src/talker_interprocess.cpp.o[0m
[0.300s] [ 28%] [32mBuilding CXX object CMakeFiles/talker_interprocess.dir/src/talker_interprocess.cpp.o[0m
[0.304s] [ 34%] Built target listener_interprocess__rmw_connext_cpp
[0.310s] [ 40%] Built target listener_interprocess_single
[0.410s] [ 46%] Built target listener_interprocess__rmw_opensplice_cpp
[0.427s] [ 53%] Built target listener_interprocess_single__rmw_connext_cpp
[0.428s] [ 59%] Built target talker_interprocess_single__rmw_connext_cpp
[0.439s] [ 65%] Built target talker_interprocess_single__rmw_fastrtps_cpp
[0.463s] [ 71%] Built target listener_interprocess__rmw_fastrtps_cpp
[0.474s] [35m[1mScanning dependencies of target talker_interprocess__rmw_opensplice_cpp[0m
[0.529s] [ 78%] Built target listener_interprocess_single__rmw_fastrtps_cpp
[0.540s] [ 84%] Built target talker_interprocess_single__rmw_opensplice_cpp
[0.557s] [ 87%] [32mBuilding CXX object CMakeFiles/talker_interprocess__rmw_opensplice_cpp.dir/src/talker_interprocess.cpp.o[0m
[2.257s] [01m[K/home/raoul/Documents/QEES/lab1.2/src/interprocess_eval/src/talker_interprocess.cpp:[m[K In function â€˜[01m[Kint main(int, char**)[m[Kâ€™:
[2.257s] [01m[K/home/raoul/Documents/QEES/lab1.2/src/interprocess_eval/src/talker_interprocess.cpp:241:54:[m[K [01;31m[Kerror: [m[Kno matching function for call to â€˜[01m[Kspin_until_future_complete(std::shared_ptr<rclcpp::Node>&, std::future<void>&)[m[Kâ€™
[2.257s]        rclcpp::spin_until_future_complete(node, future[01;31m[K)[m[K;
[2.257s]                                                       [01;31m[K^[m[K
[2.258s] In file included from [01m[K/opt/ros/dashing/include/rclcpp/rclcpp.hpp:144:0[m[K,
[2.258s]                  from [01m[K/home/raoul/Documents/QEES/lab1.2/src/interprocess_eval/src/talker_interprocess.cpp:13[m[K:
[2.258s] [01m[K/opt/ros/dashing/include/rclcpp/executors.hpp:104:1:[m[K [01;36m[Knote: [m[Kcandidate: template<class FutureT, class TimeRepT, class TimeT> rclcpp::executor::FutureReturnCode rclcpp::spin_until_future_complete(rclcpp::node_interfaces::NodeBaseInterface::SharedPtr, std::shared_future<_Res>&, std::chrono::duration<_Rep, _Period>)
[2.258s]  [01;36m[Kspin_until_future_complete[m[K(
[2.259s]  [01;36m[K^~~~~~~~~~~~~~~~~~~~~~~~~~[m[K
[2.259s] [01m[K/opt/ros/dashing/include/rclcpp/executors.hpp:104:1:[m[K [01;36m[Knote: [m[K  template argument deduction/substitution failed:
[2.259s] [01m[K/home/raoul/Documents/QEES/lab1.2/src/interprocess_eval/src/talker_interprocess.cpp:241:54:[m[K [01;36m[Knote: [m[K  â€˜[01m[Kstd::future<void>[m[Kâ€™ is not derived from â€˜[01m[Kstd::shared_future<_Res>[m[Kâ€™
[2.259s]        rclcpp::spin_until_future_complete(node, future[01;36m[K)[m[K;
[2.259s]                                                       [01;36m[K^[m[K
[2.260s] In file included from [01m[K/opt/ros/dashing/include/rclcpp/rclcpp.hpp:144:0[m[K,
[2.260s]                  from [01m[K/home/raoul/Documents/QEES/lab1.2/src/interprocess_eval/src/talker_interprocess.cpp:13[m[K:
[2.260s] [01m[K/opt/ros/dashing/include/rclcpp/executors.hpp:116:1:[m[K [01;36m[Knote: [m[Kcandidate: template<class NodeT, class FutureT, class TimeRepT, class TimeT> rclcpp::executor::FutureReturnCode rclcpp::spin_until_future_complete(std::shared_ptr<_Tp>, std::shared_future<ResponseT>&, std::chrono::duration<_Rep2, _Period2>)
[2.260s]  [01;36m[Kspin_until_future_complete[m[K(
[2.261s]  [01;36m[K^~~~~~~~~~~~~~~~~~~~~~~~~~[m[K
[2.261s] [01m[K/opt/ros/dashing/include/rclcpp/executors.hpp:116:1:[m[K [01;36m[Knote: [m[K  template argument deduction/substitution failed:
[2.261s] [01m[K/home/raoul/Documents/QEES/lab1.2/src/interprocess_eval/src/talker_interprocess.cpp:241:54:[m[K [01;36m[Knote: [m[K  â€˜[01m[Kstd::future<void>[m[Kâ€™ is not derived from â€˜[01m[Kstd::shared_future<ResponseT>[m[Kâ€™
[2.262s]        rclcpp::spin_until_future_complete(node, future[01;36m[K)[m[K;
[2.262s]                                                       [01;36m[K^[m[K
[2.277s] [01m[K/home/raoul/Documents/QEES/lab1.2/src/interprocess_eval/src/talker_interprocess.cpp:[m[K In function â€˜[01m[Kint main(int, char**)[m[Kâ€™:
[2.277s] [01m[K/home/raoul/Documents/QEES/lab1.2/src/interprocess_eval/src/talker_interprocess.cpp:241:54:[m[K [01;31m[Kerror: [m[Kno matching function for call to â€˜[01m[Kspin_until_future_complete(std::shared_ptr<rclcpp::Node>&, std::future<void>&)[m[Kâ€™
[2.278s]        rclcpp::spin_until_future_complete(node, future[01;31m[K)[m[K;
[2.278s]                                                       [01;31m[K^[m[K
[2.278s] In file included from [01m[K/opt/ros/dashing/include/rclcpp/rclcpp.hpp:144:0[m[K,
[2.279s]                  from [01m[K/home/raoul/Documents/QEES/lab1.2/src/interprocess_eval/src/talker_interprocess.cpp:13[m[K:
[2.279s] [01m[K/opt/ros/dashing/include/rclcpp/executors.hpp:104:1:[m[K [01;36m[Knote: [m[Kcandidate: template<class FutureT, class TimeRepT, class TimeT> rclcpp::executor::FutureReturnCode rclcpp::spin_until_future_complete(rclcpp::node_interfaces::NodeBaseInterface::SharedPtr, std::shared_future<_Res>&, std::chrono::duration<_Rep, _Period>)
[2.279s]  [01;36m[Kspin_until_future_complete[m[K(
[2.279s]  [01;36m[K^~~~~~~~~~~~~~~~~~~~~~~~~~[m[K
[2.280s] [01m[K/opt/ros/dashing/include/rclcpp/executors.hpp:104:1:[m[K [01;36m[Knote: [m[K  template argument deduction/substitution failed:
[2.280s] [01m[K/home/raoul/Documents/QEES/lab1.2/src/interprocess_eval/src/talker_interprocess.cpp:241:54:[m[K [01;36m[Knote: [m[K  â€˜[01m[Kstd::future<void>[m[Kâ€™ is not derived from â€˜[01m[Kstd::shared_future<_Res>[m[Kâ€™
[2.280s]        rclcpp::spin_until_future_complete(node, future[01;36m[K)[m[K;
[2.280s]                                                       [01;36m[K^[m[K
[2.281s] In file included from [01m[K/opt/ros/dashing/include/rclcpp/rclcpp.hpp:144:0[m[K,
[2.281s]                  from [01m[K/home/raoul/Documents/QEES/lab1.2/src/interprocess_eval/src/talker_interprocess.cpp:13[m[K:
[2.281s] [01m[K/opt/ros/dashing/include/rclcpp/executors.hpp:116:1:[m[K [01;36m[Knote: [m[Kcandidate: template<class NodeT, class FutureT, class TimeRepT, class TimeT> rclcpp::executor::FutureReturnCode rclcpp::spin_until_future_complete(std::shared_ptr<_Tp>, std::shared_future<ResponseT>&, std::chrono::duration<_Rep2, _Period2>)
[2.281s]  [01;36m[Kspin_until_future_complete[m[K(
[2.281s]  [01;36m[K^~~~~~~~~~~~~~~~~~~~~~~~~~[m[K
[2.282s] [01m[K/opt/ros/dashing/include/rclcpp/executors.hpp:116:1:[m[K [01;36m[Knote: [m[K  template argument deduction/substitution failed:
[2.282s] [01m[K/home/raoul/Documents/QEES/lab1.2/src/interprocess_eval/src/talker_interprocess.cpp:241:54:[m[K [01;36m[Knote: [m[K  â€˜[01m[Kstd::future<void>[m[Kâ€™ is not derived from â€˜[01m[Kstd::shared_future<ResponseT>[m[Kâ€™
[2.282s]        rclcpp::spin_until_future_complete(node, future[01;36m[K)[m[K;
[2.282s]                                                       [01;36m[K^[m[K
[2.368s] [01m[K/home/raoul/Documents/QEES/lab1.2/src/interprocess_eval/src/talker_interprocess.cpp:[m[K In function â€˜[01m[Kint main(int, char**)[m[Kâ€™:
[2.368s] [01m[K/home/raoul/Documents/QEES/lab1.2/src/interprocess_eval/src/talker_interprocess.cpp:241:54:[m[K [01;31m[Kerror: [m[Kno matching function for call to â€˜[01m[Kspin_until_future_complete(std::shared_ptr<rclcpp::Node>&, std::future<void>&)[m[Kâ€™
[2.368s]        rclcpp::spin_until_future_complete(node, future[01;31m[K)[m[K;
[2.369s]                                                       [01;31m[K^[m[K
[2.369s] In file included from [01m[K/opt/ros/dashing/include/rclcpp/rclcpp.hpp:144:0[m[K,
[2.369s]                  from [01m[K/home/raoul/Documents/QEES/lab1.2/src/interprocess_eval/src/talker_interprocess.cpp:13[m[K:
[2.369s] [01m[K/opt/ros/dashing/include/rclcpp/executors.hpp:104:1:[m[K [01;36m[Knote: [m[Kcandidate: template<class FutureT, class TimeRepT, class TimeT> rclcpp::executor::FutureReturnCode rclcpp::spin_until_future_complete(rclcpp::node_interfaces::NodeBaseInterface::SharedPtr, std::shared_future<_Res>&, std::chrono::duration<_Rep, _Period>)
[2.370s]  [01;36m[Kspin_until_future_complete[m[K(
[2.370s]  [01;36m[K^~~~~~~~~~~~~~~~~~~~~~~~~~[m[K
[2.370s] [01m[K/opt/ros/dashing/include/rclcpp/executors.hpp:104:1:[m[K [01;36m[Knote: [m[K  template argument deduction/substitution failed:
[2.370s] [01m[K/home/raoul/Documents/QEES/lab1.2/src/interprocess_eval/src/talker_interprocess.cpp:241:54:[m[K [01;36m[Knote: [m[K  â€˜[01m[Kstd::future<void>[m[Kâ€™ is not derived from â€˜[01m[Kstd::shared_future<_Res>[m[Kâ€™
[2.370s]        rclcpp::spin_until_future_complete(node, future[01;36m[K)[m[K;
[2.371s]                                                       [01;36m[K^[m[K
[2.371s] In file included from [01m[K/opt/ros/dashing/include/rclcpp/rclcpp.hpp:144:0[m[K,
[2.371s]                  from [01m[K/home/raoul/Documents/QEES/lab1.2/src/interprocess_eval/src/talker_interprocess.cpp:13[m[K:
[2.371s] [01m[K/opt/ros/dashing/include/rclcpp/executors.hpp:116:1:[m[K [01;36m[Knote: [m[Kcandidate: template<class NodeT, class FutureT, class TimeRepT, class TimeT> rclcpp::executor::FutureReturnCode rclcpp::spin_until_future_complete(std::shared_ptr<_Tp>, std::shared_future<ResponseT>&, std::chrono::duration<_Rep2, _Period2>)
[2.372s]  [01;36m[Kspin_until_future_complete[m[K(
[2.372s]  [01;36m[K^~~~~~~~~~~~~~~~~~~~~~~~~~[m[K
[2.372s] [01m[K/opt/ros/dashing/include/rclcpp/executors.hpp:116:1:[m[K [01;36m[Knote: [m[K  template argument deduction/substitution failed:
[2.372s] [01m[K/home/raoul/Documents/QEES/lab1.2/src/interprocess_eval/src/talker_interprocess.cpp:241:54:[m[K [01;36m[Knote: [m[K  â€˜[01m[Kstd::future<void>[m[Kâ€™ is not derived from â€˜[01m[Kstd::shared_future<ResponseT>[m[Kâ€™
[2.373s]        rclcpp::spin_until_future_complete(node, future[01;36m[K)[m[K;
[2.373s]                                                       [01;36m[K^[m[K
[2.447s] [01m[K/home/raoul/Documents/QEES/lab1.2/src/interprocess_eval/src/talker_interprocess.cpp:[m[K In function â€˜[01m[Kint main(int, char**)[m[Kâ€™:
[2.447s] [01m[K/home/raoul/Documents/QEES/lab1.2/src/interprocess_eval/src/talker_interprocess.cpp:241:54:[m[K [01;31m[Kerror: [m[Kno matching function for call to â€˜[01m[Kspin_until_future_complete(std::shared_ptr<rclcpp::Node>&, std::future<void>&)[m[Kâ€™
[2.447s]        rclcpp::spin_until_future_complete(node, future[01;31m[K)[m[K;
[2.448s]                                                       [01;31m[K^[m[K
[2.448s] In file included from [01m[K/opt/ros/dashing/include/rclcpp/rclcpp.hpp:144:0[m[K,
[2.448s]                  from [01m[K/home/raoul/Documents/QEES/lab1.2/src/interprocess_eval/src/talker_interprocess.cpp:13[m[K:
[2.448s] [01m[K/opt/ros/dashing/include/rclcpp/executors.hpp:104:1:[m[K [01;36m[Knote: [m[Kcandidate: template<class FutureT, class TimeRepT, class TimeT> rclcpp::executor::FutureReturnCode rclcpp::spin_until_future_complete(rclcpp::node_interfaces::NodeBaseInterface::SharedPtr, std::shared_future<_Res>&, std::chrono::duration<_Rep, _Period>)
[2.449s]  [01;36m[Kspin_until_future_complete[m[K(
[2.449s]  [01;36m[K^~~~~~~~~~~~~~~~~~~~~~~~~~[m[K
[2.449s] [01m[K/opt/ros/dashing/include/rclcpp/executors.hpp:104:1:[m[K [01;36m[Knote: [m[K  template argument deduction/substitution failed:
[2.449s] [01m[K/home/raoul/Documents/QEES/lab1.2/src/interprocess_eval/src/talker_interprocess.cpp:241:54:[m[K [01;36m[Knote: [m[K  â€˜[01m[Kstd::future<void>[m[Kâ€™ is not derived from â€˜[01m[Kstd::shared_future<_Res>[m[Kâ€™
[2.450s]        rclcpp::spin_until_future_complete(node, future[01;36m[K)[m[K;
[2.450s]                                                       [01;36m[K^[m[K
[2.450s] In file included from [01m[K/opt/ros/dashing/include/rclcpp/rclcpp.hpp:144:0[m[K,
[2.450s]                  from [01m[K/home/raoul/Documents/QEES/lab1.2/src/interprocess_eval/src/talker_interprocess.cpp:13[m[K:
[2.451s] [01m[K/opt/ros/dashing/include/rclcpp/executors.hpp:116:1:[m[K [01;36m[Knote: [m[Kcandidate: template<class NodeT, class FutureT, class TimeRepT, class TimeT> rclcpp::executor::FutureReturnCode rclcpp::spin_until_future_complete(std::shared_ptr<_Tp>, std::shared_future<ResponseT>&, std::chrono::duration<_Rep2, _Period2>)
[2.451s]  [01;36m[Kspin_until_future_complete[m[K(
[2.451s]  [01;36m[K^~~~~~~~~~~~~~~~~~~~~~~~~~[m[K
[2.451s] [01m[K/opt/ros/dashing/include/rclcpp/executors.hpp:116:1:[m[K [01;36m[Knote: [m[K  template argument deduction/substitution failed:
[2.452s] [01m[K/home/raoul/Documents/QEES/lab1.2/src/interprocess_eval/src/talker_interprocess.cpp:241:54:[m[K [01;36m[Knote: [m[K  â€˜[01m[Kstd::future<void>[m[Kâ€™ is not derived from â€˜[01m[Kstd::shared_future<ResponseT>[m[Kâ€™
[2.452s]        rclcpp::spin_until_future_complete(node, future[01;36m[K)[m[K;
[2.452s]                                                       [01;36m[K^[m[K
[3.350s] CMakeFiles/talker_interprocess__rmw_fastrtps_cpp.dir/build.make:62: recipe for target 'CMakeFiles/talker_interprocess__rmw_fastrtps_cpp.dir/src/talker_interprocess.cpp.o' failed
[3.351s] make[2]: *** [CMakeFiles/talker_interprocess__rmw_fastrtps_cpp.dir/src/talker_interprocess.cpp.o] Error 1
[3.351s] CMakeFiles/Makefile2:252: recipe for target 'CMakeFiles/talker_interprocess__rmw_fastrtps_cpp.dir/all' failed
[3.351s] make[1]: *** [CMakeFiles/talker_interprocess__rmw_fastrtps_cpp.dir/all] Error 2
[3.352s] make[1]: *** Waiting for unfinished jobs....
[3.401s] CMakeFiles/talker_interprocess__rmw_connext_cpp.dir/build.make:62: recipe for target 'CMakeFiles/talker_interprocess__rmw_connext_cpp.dir/src/talker_interprocess.cpp.o' failed
[3.401s] make[2]: *** [CMakeFiles/talker_interprocess__rmw_connext_cpp.dir/src/talker_interprocess.cpp.o] Error 1
[3.401s] CMakeFiles/Makefile2:104: recipe for target 'CMakeFiles/talker_interprocess__rmw_connext_cpp.dir/all' failed
[3.401s] make[1]: *** [CMakeFiles/talker_interprocess__rmw_connext_cpp.dir/all] Error 2
[3.503s] CMakeFiles/talker_interprocess.dir/build.make:62: recipe for target 'CMakeFiles/talker_interprocess.dir/src/talker_interprocess.cpp.o' failed
[3.503s] make[2]: *** [CMakeFiles/talker_interprocess.dir/src/talker_interprocess.cpp.o] Error 1
[3.503s] make[1]: *** [CMakeFiles/talker_interprocess.dir/all] Error 2
[3.504s] CMakeFiles/Makefile2:321: recipe for target 'CMakeFiles/talker_interprocess.dir/all' failed
[3.564s] CMakeFiles/talker_interprocess__rmw_opensplice_cpp.dir/build.make:62: recipe for target 'CMakeFiles/talker_interprocess__rmw_opensplice_cpp.dir/src/talker_interprocess.cpp.o' failed
[3.564s] make[2]: *** [CMakeFiles/talker_interprocess__rmw_opensplice_cpp.dir/src/talker_interprocess.cpp.o] Error 1
[3.565s] CMakeFiles/Makefile2:617: recipe for target 'CMakeFiles/talker_interprocess__rmw_opensplice_cpp.dir/all' failed
[3.565s] make[1]: *** [CMakeFiles/talker_interprocess__rmw_opensplice_cpp.dir/all] Error 2
[3.565s] make: *** [all] Error 2
[3.565s] Makefile:140: recipe for target 'all' failed
[3.568s] Invoked command in '/home/raoul/Documents/QEES/lab1.2/build/interprocess_eval' returned '2': CMAKE_PREFIX_PATH=/opt/ros/dashing /usr/bin/cmake --build /home/raoul/Documents/QEES/lab1.2/build/interprocess_eval -- -j8 -l8
