[35m[1mScanning dependencies of target talker_interprocess__rmw_connext_cpp[0m
[35m[1mScanning dependencies of target talker_interprocess__rmw_fastrtps_cpp[0m
[35m[1mScanning dependencies of target talker_interprocess[0m
[  6%] Built target listener_interprocess_single
[ 12%] Built target listener_interprocess
[ 18%] Built target listener_interprocess_single__rmw_opensplice_cpp
[ 25%] Built target listener_interprocess__rmw_connext_cpp
[ 28%] [32mBuilding CXX object CMakeFiles/talker_interprocess__rmw_connext_cpp.dir/src/talker_interprocess.cpp.o[0m
[ 34%] Built target talker_interprocess_single
[ 37%] [32mBuilding CXX object CMakeFiles/talker_interprocess__rmw_fastrtps_cpp.dir/src/talker_interprocess.cpp.o[0m
[ 40%] [32mBuilding CXX object CMakeFiles/talker_interprocess.dir/src/talker_interprocess.cpp.o[0m
[ 46%] Built target listener_interprocess__rmw_opensplice_cpp
[ 53%] Built target talker_interprocess_single__rmw_connext_cpp
[ 59%] Built target talker_interprocess_single__rmw_fastrtps_cpp
[ 65%] Built target listener_interprocess__rmw_fastrtps_cpp
[ 71%] Built target listener_interprocess_single__rmw_connext_cpp
[35m[1mScanning dependencies of target talker_interprocess__rmw_opensplice_cpp[0m
[ 78%] Built target listener_interprocess_single__rmw_fastrtps_cpp
[ 84%] Built target talker_interprocess_single__rmw_opensplice_cpp
[ 87%] [32mBuilding CXX object CMakeFiles/talker_interprocess__rmw_opensplice_cpp.dir/src/talker_interprocess.cpp.o[0m
[01m[K/home/raoul/Documents/QEES/lab1.2/src/interprocess_eval/src/talker_interprocess.cpp:56:1:[m[K [01;31m[Kerror: [m[Kexpected â€˜[01m[K,[m[Kâ€™ or â€˜[01m[K;[m[Kâ€™ before â€˜[01m[Kstd[m[Kâ€™
 [01;31m[Kstd[m[K::string s, bytedata;
 [01;31m[K^~~[m[K
[01m[K/home/raoul/Documents/QEES/lab1.2/src/interprocess_eval/src/talker_interprocess.cpp:[m[K In function â€˜[01m[Kint eval_ros2(std::__cxx11::string, std::__cxx11::string, rclcpp::Publisher<std_msgs::msg::String_<std::allocator<void> > >::SharedPtr)[m[Kâ€™:
[01m[K/home/raoul/Documents/QEES/lab1.2/src/interprocess_eval/src/talker_interprocess.cpp:84:2:[m[K [01;31m[Kerror: [m[Kâ€˜[01m[Ks[m[Kâ€™ was not declared in this scope
  [01;31m[Ks[m[K = ss.str() + bytedata;
  [01;31m[K^[m[K
[01m[K/home/raoul/Documents/QEES/lab1.2/src/interprocess_eval/src/talker_interprocess.cpp:84:2:[m[K [01;36m[Knote: [m[Ksuggested alternative: â€˜[01m[Kss[m[Kâ€™
  [01;36m[Ks[m[K = ss.str() + bytedata;
  [01;36m[K^[m[K
  [32m[Kss[m[K
[01m[K/home/raoul/Documents/QEES/lab1.2/src/interprocess_eval/src/talker_interprocess.cpp:84:17:[m[K [01;31m[Kerror: [m[Kâ€˜[01m[Kbytedata[m[Kâ€™ was not declared in this scope
  s = ss.str() + [01;31m[Kbytedata[m[K;
                 [01;31m[K^~~~~~~~[m[K
[01m[K/home/raoul/Documents/QEES/lab1.2/src/interprocess_eval/src/talker_interprocess.cpp:84:17:[m[K [01;36m[Knote: [m[Ksuggested alternative: â€˜[01m[Kgetdate[m[Kâ€™
  s = ss.str() + [01;36m[Kbytedata[m[K;
                 [01;36m[K^~~~~~~~[m[K
                 [32m[Kgetdate[m[K
[01m[K/home/raoul/Documents/QEES/lab1.2/src/interprocess_eval/src/talker_interprocess.cpp:56:1:[m[K [01;31m[Kerror: [m[Kexpected â€˜[01m[K,[m[Kâ€™ or â€˜[01m[K;[m[Kâ€™ before â€˜[01m[Kstd[m[Kâ€™
 [01;31m[Kstd[m[K::string s, bytedata;
 [01;31m[K^~~[m[K
[01m[K/home/raoul/Documents/QEES/lab1.2/src/interprocess_eval/src/talker_interprocess.cpp:56:1:[m[K [01;31m[Kerror: [m[Kexpected â€˜[01m[K,[m[Kâ€™ or â€˜[01m[K;[m[Kâ€™ before â€˜[01m[Kstd[m[Kâ€™
 [01;31m[Kstd[m[K::string s, bytedata;
 [01;31m[K^~~[m[K
[01m[K/home/raoul/Documents/QEES/lab1.2/src/interprocess_eval/src/talker_interprocess.cpp:103:2:[m[K [01;31m[Kerror: [m[Kâ€˜[01m[Kbytedata[m[Kâ€™ was not declared in this scope
  [01;31m[Kbytedata[m[K = read_datafile(message_filename.c_str());
  [01;31m[K^~~~~~~~[m[K
[01m[K/home/raoul/Documents/QEES/lab1.2/src/interprocess_eval/src/talker_interprocess.cpp:103:2:[m[K [01;36m[Knote: [m[Ksuggested alternative: â€˜[01m[Kgetdate[m[Kâ€™
  [01;36m[Kbytedata[m[K = read_datafile(message_filename.c_str());
  [01;36m[K^~~~~~~~[m[K
  [32m[Kgetdate[m[K
[01m[K/home/raoul/Documents/QEES/lab1.2/src/interprocess_eval/src/talker_interprocess.cpp:[m[K In function â€˜[01m[Kint main(int, char**)[m[Kâ€™:
[01m[K/home/raoul/Documents/QEES/lab1.2/src/interprocess_eval/src/talker_interprocess.cpp:180:29:[m[K [01;35m[Kwarning: [m[Kcapture of variable â€˜[01m[Kack_received[m[Kâ€™ with non-automatic storage duration
     "acknowledgment", 10, [&[01;35m[Kack_received[m[K](const std_msgs::msg::String::SharedPtr msg) {
                             [01;35m[K^~~~~~~~~~~~[m[K
[01m[K/home/raoul/Documents/QEES/lab1.2/src/interprocess_eval/src/talker_interprocess.cpp:54:6:[m[K [01;36m[Knote: [m[Kâ€˜[01m[Kbool ack_received[m[Kâ€™ declared here
 bool [01;36m[Kack_received[m[K = false
      [01;36m[K^~~~~~~~~~~~[m[K
[01m[K/home/raoul/Documents/QEES/lab1.2/src/interprocess_eval/src/talker_interprocess.cpp:[m[K In function â€˜[01m[Kint eval_ros2(std::__cxx11::string, std::__cxx11::string, rclcpp::Publisher<std_msgs::msg::String_<std::allocator<void> > >::SharedPtr)[m[Kâ€™:
[01m[K/home/raoul/Documents/QEES/lab1.2/src/interprocess_eval/src/talker_interprocess.cpp:84:2:[m[K [01;31m[Kerror: [m[Kâ€˜[01m[Ks[m[Kâ€™ was not declared in this scope
  [01;31m[Ks[m[K = ss.str() + bytedata;
  [01;31m[K^[m[K
[01m[K/home/raoul/Documents/QEES/lab1.2/src/interprocess_eval/src/talker_interprocess.cpp:84:2:[m[K [01;36m[Knote: [m[Ksuggested alternative: â€˜[01m[Kss[m[Kâ€™
  [01;36m[Ks[m[K = ss.str() + bytedata;
  [01;36m[K^[m[K
  [32m[Kss[m[K
[01m[K/home/raoul/Documents/QEES/lab1.2/src/interprocess_eval/src/talker_interprocess.cpp:84:17:[m[K [01;31m[Kerror: [m[Kâ€˜[01m[Kbytedata[m[Kâ€™ was not declared in this scope
  s = ss.str() + [01;31m[Kbytedata[m[K;
                 [01;31m[K^~~~~~~~[m[K
[01m[K/home/raoul/Documents/QEES/lab1.2/src/interprocess_eval/src/talker_interprocess.cpp:[m[K In function â€˜[01m[Kint eval_ros2(std::__cxx11::string, std::__cxx11::string, rclcpp::Publisher<std_msgs::msg::String_<std::allocator<void> > >::SharedPtr)[m[Kâ€™:
[01m[K/home/raoul/Documents/QEES/lab1.2/src/interprocess_eval/src/talker_interprocess.cpp:84:2:[m[K [01;31m[Kerror: [m[Kâ€˜[01m[Ks[m[Kâ€™ was not declared in this scope
  [01;31m[Ks[m[K = ss.str() + bytedata;
  [01;31m[K^[m[K
[01m[K/home/raoul/Documents/QEES/lab1.2/src/interprocess_eval/src/talker_interprocess.cpp:84:2:[m[K [01;36m[Knote: [m[Ksuggested alternative: â€˜[01m[Kss[m[Kâ€™
  [01;36m[Ks[m[K = ss.str() + bytedata;
  [01;36m[K^[m[K
  [32m[Kss[m[K
[01m[K/home/raoul/Documents/QEES/lab1.2/src/interprocess_eval/src/talker_interprocess.cpp:84:17:[m[K [01;31m[Kerror: [m[Kâ€˜[01m[Kbytedata[m[Kâ€™ was not declared in this scope
  s = ss.str() + [01;31m[Kbytedata[m[K;
                 [01;31m[K^~~~~~~~[m[K
[01m[K/home/raoul/Documents/QEES/lab1.2/src/interprocess_eval/src/talker_interprocess.cpp:84:17:[m[K [01;36m[Knote: [m[Ksuggested alternative: â€˜[01m[Kgetdate[m[Kâ€™
  s = ss.str() + [01;36m[Kbytedata[m[K;
                 [01;36m[K^~~~~~~~[m[K
                 [32m[Kgetdate[m[K
[01m[K/home/raoul/Documents/QEES/lab1.2/src/interprocess_eval/src/talker_interprocess.cpp:84:17:[m[K [01;36m[Knote: [m[Ksuggested alternative: â€˜[01m[Kgetdate[m[Kâ€™
  s = ss.str() + [01;36m[Kbytedata[m[K;
                 [01;36m[K^~~~~~~~[m[K
                 [32m[Kgetdate[m[K
[01m[K/home/raoul/Documents/QEES/lab1.2/src/interprocess_eval/src/talker_interprocess.cpp:103:2:[m[K [01;31m[Kerror: [m[Kâ€˜[01m[Kbytedata[m[Kâ€™ was not declared in this scope
  [01;31m[Kbytedata[m[K = read_datafile(message_filename.c_str());
  [01;31m[K^~~~~~~~[m[K
[01m[K/home/raoul/Documents/QEES/lab1.2/src/interprocess_eval/src/talker_interprocess.cpp:103:2:[m[K [01;31m[Kerror: [m[Kâ€˜[01m[Kbytedata[m[Kâ€™ was not declared in this scope
  [01;31m[Kbytedata[m[K = read_datafile(message_filename.c_str());
  [01;31m[K^~~~~~~~[m[K
[01m[K/home/raoul/Documents/QEES/lab1.2/src/interprocess_eval/src/talker_interprocess.cpp:103:2:[m[K [01;36m[Knote: [m[Ksuggested alternative: â€˜[01m[Kgetdate[m[Kâ€™
  [01;36m[Kbytedata[m[K = read_datafile(message_filename.c_str());
  [01;36m[K^~~~~~~~[m[K
  [32m[Kgetdate[m[K
[01m[K/home/raoul/Documents/QEES/lab1.2/src/interprocess_eval/src/talker_interprocess.cpp:103:2:[m[K [01;36m[Knote: [m[Ksuggested alternative: â€˜[01m[Kgetdate[m[Kâ€™
  [01;36m[Kbytedata[m[K = read_datafile(message_filename.c_str());
  [01;36m[K^~~~~~~~[m[K
  [32m[Kgetdate[m[K
[01m[K/home/raoul/Documents/QEES/lab1.2/src/interprocess_eval/src/talker_interprocess.cpp:[m[K In function â€˜[01m[Kint main(int, char**)[m[Kâ€™:
[01m[K/home/raoul/Documents/QEES/lab1.2/src/interprocess_eval/src/talker_interprocess.cpp:180:29:[m[K [01;35m[Kwarning: [m[Kcapture of variable â€˜[01m[Kack_received[m[Kâ€™ with non-automatic storage duration
     "acknowledgment", 10, [&[01;35m[Kack_received[m[K](const std_msgs::msg::String::SharedPtr msg) {
                             [01;35m[K^~~~~~~~~~~~[m[K
[01m[K/home/raoul/Documents/QEES/lab1.2/src/interprocess_eval/src/talker_interprocess.cpp:54:6:[m[K [01;36m[Knote: [m[Kâ€˜[01m[Kbool ack_received[m[Kâ€™ declared here
 bool [01;36m[Kack_received[m[K = false
      [01;36m[K^~~~~~~~~~~~[m[K
[01m[K/home/raoul/Documents/QEES/lab1.2/src/interprocess_eval/src/talker_interprocess.cpp:[m[K In function â€˜[01m[Kint main(int, char**)[m[Kâ€™:
[01m[K/home/raoul/Documents/QEES/lab1.2/src/interprocess_eval/src/talker_interprocess.cpp:180:29:[m[K [01;35m[Kwarning: [m[Kcapture of variable â€˜[01m[Kack_received[m[Kâ€™ with non-automatic storage duration
     "acknowledgment", 10, [&[01;35m[Kack_received[m[K](const std_msgs::msg::String::SharedPtr msg) {
                             [01;35m[K^~~~~~~~~~~~[m[K
[01m[K/home/raoul/Documents/QEES/lab1.2/src/interprocess_eval/src/talker_interprocess.cpp:54:6:[m[K [01;36m[Knote: [m[Kâ€˜[01m[Kbool ack_received[m[Kâ€™ declared here
 bool [01;36m[Kack_received[m[K = false
      [01;36m[K^~~~~~~~~~~~[m[K
[01m[K/home/raoul/Documents/QEES/lab1.2/src/interprocess_eval/src/talker_interprocess.cpp:56:1:[m[K [01;31m[Kerror: [m[Kexpected â€˜[01m[K,[m[Kâ€™ or â€˜[01m[K;[m[Kâ€™ before â€˜[01m[Kstd[m[Kâ€™
 [01;31m[Kstd[m[K::string s, bytedata;
 [01;31m[K^~~[m[K
[01m[K/home/raoul/Documents/QEES/lab1.2/src/interprocess_eval/src/talker_interprocess.cpp:[m[K In function â€˜[01m[Kint eval_ros2(std::__cxx11::string, std::__cxx11::string, rclcpp::Publisher<std_msgs::msg::String_<std::allocator<void> > >::SharedPtr)[m[Kâ€™:
[01m[K/home/raoul/Documents/QEES/lab1.2/src/interprocess_eval/src/talker_interprocess.cpp:84:2:[m[K [01;31m[Kerror: [m[Kâ€˜[01m[Ks[m[Kâ€™ was not declared in this scope
  [01;31m[Ks[m[K = ss.str() + bytedata;
  [01;31m[K^[m[K
[01m[K/home/raoul/Documents/QEES/lab1.2/src/interprocess_eval/src/talker_interprocess.cpp:84:2:[m[K [01;36m[Knote: [m[Ksuggested alternative: â€˜[01m[Kss[m[Kâ€™
  [01;36m[Ks[m[K = ss.str() + bytedata;
  [01;36m[K^[m[K
  [32m[Kss[m[K
[01m[K/home/raoul/Documents/QEES/lab1.2/src/interprocess_eval/src/talker_interprocess.cpp:84:17:[m[K [01;31m[Kerror: [m[Kâ€˜[01m[Kbytedata[m[Kâ€™ was not declared in this scope
  s = ss.str() + [01;31m[Kbytedata[m[K;
                 [01;31m[K^~~~~~~~[m[K
[01m[K/home/raoul/Documents/QEES/lab1.2/src/interprocess_eval/src/talker_interprocess.cpp:84:17:[m[K [01;36m[Knote: [m[Ksuggested alternative: â€˜[01m[Kgetdate[m[Kâ€™
  s = ss.str() + [01;36m[Kbytedata[m[K;
                 [01;36m[K^~~~~~~~[m[K
                 [32m[Kgetdate[m[K
[01m[K/home/raoul/Documents/QEES/lab1.2/src/interprocess_eval/src/talker_interprocess.cpp:103:2:[m[K [01;31m[Kerror: [m[Kâ€˜[01m[Kbytedata[m[Kâ€™ was not declared in this scope
  [01;31m[Kbytedata[m[K = read_datafile(message_filename.c_str());
  [01;31m[K^~~~~~~~[m[K
[01m[K/home/raoul/Documents/QEES/lab1.2/src/interprocess_eval/src/talker_interprocess.cpp:103:2:[m[K [01;36m[Knote: [m[Ksuggested alternative: â€˜[01m[Kgetdate[m[Kâ€™
  [01;36m[Kbytedata[m[K = read_datafile(message_filename.c_str());
  [01;36m[K^~~~~~~~[m[K
  [32m[Kgetdate[m[K
[01m[K/home/raoul/Documents/QEES/lab1.2/src/interprocess_eval/src/talker_interprocess.cpp:[m[K In function â€˜[01m[Kint main(int, char**)[m[Kâ€™:
[01m[K/home/raoul/Documents/QEES/lab1.2/src/interprocess_eval/src/talker_interprocess.cpp:180:29:[m[K [01;35m[Kwarning: [m[Kcapture of variable â€˜[01m[Kack_received[m[Kâ€™ with non-automatic storage duration
     "acknowledgment", 10, [&[01;35m[Kack_received[m[K](const std_msgs::msg::String::SharedPtr msg) {
                             [01;35m[K^~~~~~~~~~~~[m[K
[01m[K/home/raoul/Documents/QEES/lab1.2/src/interprocess_eval/src/talker_interprocess.cpp:54:6:[m[K [01;36m[Knote: [m[Kâ€˜[01m[Kbool ack_received[m[Kâ€™ declared here
 bool [01;36m[Kack_received[m[K = false
      [01;36m[K^~~~~~~~~~~~[m[K
make[2]: *** [CMakeFiles/talker_interprocess__rmw_connext_cpp.dir/src/talker_interprocess.cpp.o] Error 1
CMakeFiles/talker_interprocess__rmw_connext_cpp.dir/build.make:62: recipe for target 'CMakeFiles/talker_interprocess__rmw_connext_cpp.dir/src/talker_interprocess.cpp.o' failed
CMakeFiles/Makefile2:104: recipe for target 'CMakeFiles/talker_interprocess__rmw_connext_cpp.dir/all' failed
make[1]: *** [CMakeFiles/talker_interprocess__rmw_connext_cpp.dir/all] Error 2
make[1]: *** Waiting for unfinished jobs....
CMakeFiles/talker_interprocess.dir/build.make:62: recipe for target 'CMakeFiles/talker_interprocess.dir/src/talker_interprocess.cpp.o' failed
make[2]: *** [CMakeFiles/talker_interprocess.dir/src/talker_interprocess.cpp.o] Error 1
CMakeFiles/Makefile2:321: recipe for target 'CMakeFiles/talker_interprocess.dir/all' failed
make[1]: *** [CMakeFiles/talker_interprocess.dir/all] Error 2
CMakeFiles/talker_interprocess__rmw_fastrtps_cpp.dir/build.make:62: recipe for target 'CMakeFiles/talker_interprocess__rmw_fastrtps_cpp.dir/src/talker_interprocess.cpp.o' failed
CMakeFiles/Makefile2:252: recipe for target 'CMakeFiles/talker_interprocess__rmw_fastrtps_cpp.dir/all' failed
make[2]: *** [CMakeFiles/talker_interprocess__rmw_fastrtps_cpp.dir/src/talker_interprocess.cpp.o] Error 1
make[1]: *** [CMakeFiles/talker_interprocess__rmw_fastrtps_cpp.dir/all] Error 2
make[2]: *** [CMakeFiles/talker_interprocess__rmw_opensplice_cpp.dir/src/talker_interprocess.cpp.o] Error 1
CMakeFiles/talker_interprocess__rmw_opensplice_cpp.dir/build.make:62: recipe for target 'CMakeFiles/talker_interprocess__rmw_opensplice_cpp.dir/src/talker_interprocess.cpp.o' failed
CMakeFiles/Makefile2:617: recipe for target 'CMakeFiles/talker_interprocess__rmw_opensplice_cpp.dir/all' failed
make[1]: *** [CMakeFiles/talker_interprocess__rmw_opensplice_cpp.dir/all] Error 2
make: *** [all] Error 2
Makefile:140: recipe for target 'all' failed
