[0.074s] Invoking command in '/home/raoul/Documents/QEES/lab1/build/intraprocess_eval': /usr/bin/cmake --build /home/raoul/Documents/QEES/lab1/build/intraprocess_eval -- -j8 -l8
[0.128s] -- Found ament_cmake: 0.7.6 (/opt/ros/dashing/share/ament_cmake/cmake)
[0.170s] -- Using PYTHON_EXECUTABLE: /usr/bin/python3
[0.329s] Traceback (most recent call last):
[0.329s]   File "/opt/ros/dashing/share/ament_cmake_core/cmake/package_templates/templates_2_cmake.py", line 21, in <module>
[0.329s]     from ament_package.templates import get_environment_hook_template_path
[0.330s] ModuleNotFoundError: No module named 'ament_package'
[0.349s] CMake Error at /opt/ros/dashing/share/ament_cmake_core/cmake/ament_cmake_package_templates-extras.cmake:41 (message):
[0.349s]   execute_process(/usr/bin/python3
[0.350s]   /opt/ros/dashing/share/ament_cmake_core/cmake/package_templates/templates_2_cmake.py
[0.353s]   /home/raoul/Documents/QEES/lab1/build/intraprocess_eval/ament_cmake_package_templates/templates.cmake)
[0.353s]   returned error code 1
[0.354s] Call Stack (most recent call first):
[0.354s]   /opt/ros/dashing/share/ament_cmake_core/cmake/ament_cmake_coreConfig.cmake:38 (include)
[0.356s]   /opt/ros/dashing/share/ament_cmake/cmake/ament_cmake_export_dependencies-extras.cmake:15 (find_package)
[0.356s]   /opt/ros/dashing/share/ament_cmake/cmake/ament_cmakeConfig.cmake:38 (include)
[0.357s]   CMakeLists.txt:9 (find_package)
[0.358s] 
[0.359s] 
[0.359s] -- Configuring incomplete, errors occurred!
[0.359s] See also "/home/raoul/Documents/QEES/lab1/build/intraprocess_eval/CMakeFiles/CMakeOutput.log".
[0.359s] See also "/home/raoul/Documents/QEES/lab1/build/intraprocess_eval/CMakeFiles/CMakeError.log".
[0.362s] make: *** [cmake_check_build_system] Error 1
[0.363s] Makefile:303: recipe for target 'cmake_check_build_system' failed
[0.363s] Invoked command in '/home/raoul/Documents/QEES/lab1/build/intraprocess_eval' returned '2': /usr/bin/cmake --build /home/raoul/Documents/QEES/lab1/build/intraprocess_eval -- -j8 -l8
